{"C:\\Users\\ksain\\revathi\\infosysTest\\treenode\\src\\App.vue": {"path":"C:\\Users\\ksain\\revathi\\infosysTest\\treenode\\src\\App.vue","statementMap":{"0":{"start":{"line":3,"column":0},"end":{"line":5,"column":3}},"1":{"start":{"line":6,"column":12},"end":{"line":6,"column":26}},"2":{"start":{"line":7,"column":0},"end":{"line":20,"column":3}},"3":{"start":{"line":10,"column":19},"end":{"line":10,"column":28}},"4":{"start":{"line":11,"column":4},"end":{"line":11,"column":15}},"5":{"start":{"line":13,"column":23},"end":{"line":13,"column":25}},"6":{"start":{"line":14,"column":4},"end":{"line":17,"column":7}},"7":{"start":{"line":18,"column":4},"end":{"line":18,"column":24}},"8":{"start":{"line":22,"column":0},"end":{"line":22,"column":62}},"9":{"start":{"line":23,"column":0},"end":{"line":23,"column":24}},"10":{"start":{"line":24,"column":12},"end":{"line":24,"column":26}},"11":{"start":{"line":26,"column":33},"end":{"line":26,"column":75}},"12":{"start":{"line":27,"column":28},"end":{"line":27,"column":65}},"13":{"start":{"line":28,"column":27},"end":{"line":28,"column":63}},"14":{"start":{"line":29,"column":4},"end":{"line":39,"column":8}},"15":{"start":{"line":30,"column":50},"end":{"line":37,"column":10}},"16":{"start":{"line":32,"column":58},"end":{"line":34,"column":18}},"17":{"start":{"line":41,"column":1},"end":{"line":41,"column":48}}},"fnMap":{"0":{"name":"(anonymous_0)","decl":{"start":{"line":9,"column":9},"end":{"line":9,"column":10}},"loc":{"start":{"line":9,"column":32},"end":{"line":19,"column":3}},"line":9},"1":{"name":"render","decl":{"start":{"line":25,"column":9},"end":{"line":25,"column":15}},"loc":{"start":{"line":25,"column":63},"end":{"line":40,"column":1}},"line":25},"2":{"name":"(anonymous_2)","decl":{"start":{"line":30,"column":36},"end":{"line":30,"column":37}},"loc":{"start":{"line":30,"column":48},"end":{"line":37,"column":12}},"line":30},"3":{"name":"(anonymous_3)","decl":{"start":{"line":32,"column":44},"end":{"line":32,"column":45}},"loc":{"start":{"line":32,"column":56},"end":{"line":34,"column":20}},"line":32}},"branchMap":{},"s":{"0":0,"1":0,"2":0,"3":0,"4":0,"5":0,"6":0,"7":0,"8":0,"9":0,"10":0,"11":0,"12":0,"13":0,"14":0,"15":0,"16":0,"17":0},"f":{"0":0,"1":0,"2":0,"3":0},"b":{},"inputSourceMap":{"0":"{","1":"\"","2":"v","3":"e","4":"r","5":"s","6":"i","7":"o","8":"n","9":"\"","10":":","11":"3","12":",","13":"\"","14":"s","15":"o","16":"u","17":"r","18":"c","19":"e","20":"s","21":"\"","22":":","23":"[","24":"\"","25":"C","26":":","27":"/","28":"U","29":"s","30":"e","31":"r","32":"s","33":"/","34":"k","35":"s","36":"a","37":"i","38":"n","39":"/","40":"r","41":"e","42":"v","43":"a","44":"t","45":"h","46":"i","47":"/","48":"i","49":"n","50":"f","51":"o","52":"s","53":"y","54":"s","55":"T","56":"e","57":"s","58":"t","59":"/","60":"t","61":"r","62":"e","63":"e","64":"n","65":"o","66":"d","67":"e","68":"/","69":"s","70":"r","71":"c","72":"/","73":"A","74":"p","75":"p","76":".","77":"v","78":"u","79":"e","80":"\"","81":"]","82":",","83":"\"","84":"n","85":"a","86":"m","87":"e","88":"s","89":"\"","90":":","91":"[","92":"]","93":",","94":"\"","95":"m","96":"a","97":"p","98":"p","99":"i","100":"n","101":"g","102":"s","103":"\"","104":":","105":"\"","106":";","107":";","108":";","109":";","110":";","111":";","112":";","113":";","114":";","115":";","116":"I","117":"A","118":"S","119":"Q","120":",","121":"Q","122":"A","123":"A","124":"Q","125":",","126":"C","127":"A","128":"A","129":"C","130":",","131":"C","132":"A","133":"A","134":"C","135":"\"","136":",","137":"\"","138":"f","139":"i","140":"l","141":"e","142":"\"","143":":","144":"\"","145":"C","146":":","147":"\\","148":"\\","149":"U","150":"s","151":"e","152":"r","153":"s","154":"\\","155":"\\","156":"k","157":"s","158":"a","159":"i","160":"n","161":"\\","162":"\\","163":"r","164":"e","165":"v","166":"a","167":"t","168":"h","169":"i","170":"\\","171":"\\","172":"i","173":"n","174":"f","175":"o","176":"s","177":"y","178":"s","179":"T","180":"e","181":"s","182":"t","183":"\\","184":"\\","185":"t","186":"r","187":"e","188":"e","189":"n","190":"o","191":"d","192":"e","193":"\\","194":"\\","195":"s","196":"r","197":"c","198":"\\","199":"\\","200":"A","201":"p","202":"p","203":".","204":"v","205":"u","206":"e","207":"\"","208":",","209":"\"","210":"s","211":"o","212":"u","213":"r","214":"c","215":"e","216":"s","217":"C","218":"o","219":"n","220":"t","221":"e","222":"n","223":"t","224":"\"","225":":","226":"[","227":"\"","228":"<","229":"t","230":"e","231":"m","232":"p","233":"l","234":"a","235":"t","236":"e","237":">","238":"\\","239":"n","240":" ","241":" ","242":"<","243":"v","244":"-","245":"a","246":"p","247":"p","248":">","249":"\\","250":"n","251":" ","252":" ","253":" ","254":" ","255":"<","256":"v","257":"-","258":"m","259":"a","260":"i","261":"n","262":">","263":"\\","264":"n","265":" ","266":" ","267":" ","268":" ","269":" ","270":" ","271":"<","272":"r","273":"o","274":"u","275":"t","276":"e","277":"r","278":"-","279":"v","280":"i","281":"e","282":"w","283":" ","284":"/","285":">","286":"\\","287":"n","288":" ","289":" ","290":" ","291":" ","292":"<","293":"/","294":"v","295":"-","296":"m","297":"a","298":"i","299":"n","300":">","301":"\\","302":"n","303":" ","304":" ","305":"<","306":"/","307":"v","308":"-","309":"a","310":"p","311":"p","312":">","313":"\\","314":"n","315":"<","316":"/","317":"t","318":"e","319":"m","320":"p","321":"l","322":"a","323":"t","324":"e","325":">","326":"\\","327":"n","328":"\\","329":"n","330":"<","331":"s","332":"c","333":"r","334":"i","335":"p","336":"t","337":" ","338":"l","339":"a","340":"n","341":"g","342":"=","343":"\\","344":"\"","345":"t","346":"s","347":"\\","348":"\"","349":" ","350":"s","351":"e","352":"t","353":"u","354":"p","355":">","356":"\\","357":"n","358":" ","359":" ","360":"/","361":"/","362":"\\","363":"n","364":"<","365":"/","366":"s","367":"c","368":"r","369":"i","370":"p","371":"t","372":">","373":"\\","374":"n","375":"\"","376":"]","377":"}"}}
,"C:\\Users\\ksain\\revathi\\infosysTest\\treenode\\src\\components.d.ts": {"path":"C:\\Users\\ksain\\revathi\\infosysTest\\treenode\\src\\components.d.ts","statementMap":{},"fnMap":{},"branchMap":{},"s":{},"f":{},"b":{}}
,"C:\\Users\\ksain\\revathi\\infosysTest\\treenode\\src\\shims-vue.d.ts": {"path":"C:\\Users\\ksain\\revathi\\infosysTest\\treenode\\src\\shims-vue.d.ts","statementMap":{},"fnMap":{},"branchMap":{},"s":{},"f":{},"b":{}}
,"C:\\Users\\ksain\\revathi\\infosysTest\\treenode\\src\\typed-router.d.ts": {"path":"C:\\Users\\ksain\\revathi\\infosysTest\\treenode\\src\\typed-router.d.ts","statementMap":{},"fnMap":{},"branchMap":{},"s":{},"f":{},"b":{}}
,"C:\\Users\\ksain\\revathi\\infosysTest\\treenode\\src\\components\\HelloWorld.vue": {"path":"C:\\Users\\ksain\\revathi\\infosysTest\\treenode\\src\\components\\HelloWorld.vue","statementMap":{"0":{"start":{"line":3,"column":0},"end":{"line":5,"column":3}},"1":{"start":{"line":6,"column":12},"end":{"line":6,"column":26}},"2":{"start":{"line":7,"column":0},"end":{"line":98,"column":3}},"3":{"start":{"line":10,"column":21},"end":{"line":38,"column":7}},"4":{"start":{"line":39,"column":24},"end":{"line":39,"column":45}},"5":{"start":{"line":40,"column":20},"end":{"line":59,"column":5}},"6":{"start":{"line":41,"column":16},"end":{"line":41,"column":25}},"7":{"start":{"line":42,"column":18},"end":{"line":42,"column":20}},"8":{"start":{"line":43,"column":6},"end":{"line":50,"column":9}},"9":{"start":{"line":44,"column":8},"end":{"line":49,"column":11}},"10":{"start":{"line":51,"column":6},"end":{"line":57,"column":9}},"11":{"start":{"line":52,"column":8},"end":{"line":56,"column":9}},"12":{"start":{"line":53,"column":10},"end":{"line":53,"column":51}},"13":{"start":{"line":55,"column":10},"end":{"line":55,"column":27}},"14":{"start":{"line":58,"column":6},"end":{"line":58,"column":19}},"15":{"start":{"line":60,"column":20},"end":{"line":62,"column":6}},"16":{"start":{"line":61,"column":6},"end":{"line":61,"column":41}},"17":{"start":{"line":63,"column":23},"end":{"line":63,"column":43}},"18":{"start":{"line":64,"column":22},"end":{"line":69,"column":5}},"19":{"start":{"line":66,"column":6},"end":{"line":66,"column":60}},"20":{"start":{"line":67,"column":6},"end":{"line":67,"column":55}},"21":{"start":{"line":68,"column":6},"end":{"line":68,"column":33}},"22":{"start":{"line":70,"column":25},"end":{"line":78,"column":5}},"23":{"start":{"line":71,"column":6},"end":{"line":77,"column":7}},"24":{"start":{"line":72,"column":18},"end":{"line":72,"column":31}},"25":{"start":{"line":73,"column":20},"end":{"line":73,"column":57}},"26":{"start":{"line":74,"column":8},"end":{"line":74,"column":78}},"27":{"start":{"line":76,"column":8},"end":{"line":76,"column":34}},"28":{"start":{"line":79,"column":26},"end":{"line":89,"column":5}},"29":{"start":{"line":80,"column":6},"end":{"line":87,"column":7}},"30":{"start":{"line":80,"column":20},"end":{"line":80,"column":21}},"31":{"start":{"line":80,"column":33},"end":{"line":80,"column":38}},"32":{"start":{"line":81,"column":19},"end":{"line":81,"column":30}},"33":{"start":{"line":82,"column":8},"end":{"line":82,"column":46}},"34":{"start":{"line":82,"column":34},"end":{"line":82,"column":46}},"35":{"start":{"line":83,"column":8},"end":{"line":86,"column":9}},"36":{"start":{"line":84,"column":22},"end":{"line":84,"column":59}},"37":{"start":{"line":85,"column":10},"end":{"line":85,"column":34}},"38":{"start":{"line":85,"column":21},"end":{"line":85,"column":34}},"39":{"start":{"line":88,"column":6},"end":{"line":88,"column":18}},"40":{"start":{"line":90,"column":4},"end":{"line":96,"column":6}},"41":{"start":{"line":99,"column":0},"end":{"line":99,"column":13}},"42":{"start":{"line":100,"column":20},"end":{"line":108,"column":1}},"43":{"start":{"line":101,"column":4},"end":{"line":106,"column":5}},"44":{"start":{"line":101,"column":40},"end":{"line":106,"column":5}},"45":{"start":{"line":101,"column":53},"end":{"line":101,"column":54}},"46":{"start":{"line":101,"column":60},"end":{"line":101,"column":71}},"47":{"start":{"line":102,"column":8},"end":{"line":105,"column":9}},"48":{"start":{"line":103,"column":12},"end":{"line":103,"column":65}},"49":{"start":{"line":103,"column":21},"end":{"line":103,"column":65}},"50":{"start":{"line":104,"column":12},"end":{"line":104,"column":28}},"51":{"start":{"line":107,"column":4},"end":{"line":107,"column":61}},"52":{"start":{"line":109,"column":0},"end":{"line":109,"column":62}},"53":{"start":{"line":110,"column":0},"end":{"line":110,"column":24}},"54":{"start":{"line":111,"column":12},"end":{"line":111,"column":26}},"55":{"start":{"line":112,"column":17},"end":{"line":112,"column":28}},"56":{"start":{"line":113,"column":17},"end":{"line":113,"column":47}},"57":{"start":{"line":115,"column":28},"end":{"line":115,"column":65}},"58":{"start":{"line":116,"column":27},"end":{"line":116,"column":63}},"59":{"start":{"line":117,"column":32},"end":{"line":117,"column":73}},"60":{"start":{"line":118,"column":33},"end":{"line":118,"column":75}},"61":{"start":{"line":119,"column":36},"end":{"line":119,"column":81}},"62":{"start":{"line":120,"column":28},"end":{"line":120,"column":65}},"63":{"start":{"line":121,"column":30},"end":{"line":121,"column":69}},"64":{"start":{"line":122,"column":33},"end":{"line":122,"column":75}},"65":{"start":{"line":123,"column":27},"end":{"line":123,"column":63}},"66":{"start":{"line":124,"column":4},"end":{"line":206,"column":8}},"67":{"start":{"line":125,"column":50},"end":{"line":204,"column":10}},"68":{"start":{"line":127,"column":58},"end":{"line":201,"column":18}},"69":{"start":{"line":136,"column":39},"end":{"line":136,"column":46}},"70":{"start":{"line":137,"column":28},"end":{"line":144,"column":30}},"71":{"start":{"line":139,"column":90},"end":{"line":139,"column":122}},"72":{"start":{"line":147,"column":39},"end":{"line":147,"column":46}},"73":{"start":{"line":148,"column":28},"end":{"line":165,"column":30}},"74":{"start":{"line":153,"column":90},"end":{"line":153,"column":122}},"75":{"start":{"line":155,"column":78},"end":{"line":162,"column":38}},"76":{"start":{"line":157,"column":86},"end":{"line":159,"column":55}},"77":{"start":{"line":171,"column":93},"end":{"line":171,"column":132}},"78":{"start":{"line":173,"column":66},"end":{"line":198,"column":26}},"79":{"start":{"line":175,"column":74},"end":{"line":195,"column":34}},"80":{"start":{"line":177,"column":82},"end":{"line":179,"column":42}},"81":{"start":{"line":183,"column":82},"end":{"line":192,"column":42}},"82":{"start":{"line":185,"column":103},"end":{"line":185,"column":139}},"83":{"start":{"line":187,"column":90},"end":{"line":189,"column":59}},"84":{"start":{"line":208,"column":1},"end":{"line":208,"column":48}}},"fnMap":{"0":{"name":"(anonymous_0)","decl":{"start":{"line":9,"column":9},"end":{"line":9,"column":10}},"loc":{"start":{"line":9,"column":21},"end":{"line":97,"column":3}},"line":9},"1":{"name":"(anonymous_1)","decl":{"start":{"line":40,"column":20},"end":{"line":40,"column":21}},"loc":{"start":{"line":40,"column":36},"end":{"line":59,"column":5}},"line":40},"2":{"name":"(anonymous_2)","decl":{"start":{"line":43,"column":19},"end":{"line":43,"column":20}},"loc":{"start":{"line":43,"column":35},"end":{"line":50,"column":7}},"line":43},"3":{"name":"(anonymous_3)","decl":{"start":{"line":51,"column":18},"end":{"line":51,"column":19}},"loc":{"start":{"line":51,"column":34},"end":{"line":57,"column":7}},"line":51},"4":{"name":"(anonymous_4)","decl":{"start":{"line":60,"column":40},"end":{"line":60,"column":41}},"loc":{"start":{"line":60,"column":52},"end":{"line":62,"column":5}},"line":60},"5":{"name":"(anonymous_5)","decl":{"start":{"line":64,"column":22},"end":{"line":64,"column":23}},"loc":{"start":{"line":64,"column":38},"end":{"line":69,"column":5}},"line":64},"6":{"name":"(anonymous_6)","decl":{"start":{"line":70,"column":25},"end":{"line":70,"column":26}},"loc":{"start":{"line":70,"column":47},"end":{"line":78,"column":5}},"line":70},"7":{"name":"(anonymous_7)","decl":{"start":{"line":79,"column":26},"end":{"line":79,"column":27}},"loc":{"start":{"line":79,"column":50},"end":{"line":89,"column":5}},"line":79},"8":{"name":"(anonymous_8)","decl":{"start":{"line":100,"column":52},"end":{"line":100,"column":53}},"loc":{"start":{"line":100,"column":78},"end":{"line":108,"column":1}},"line":100},"9":{"name":"render","decl":{"start":{"line":114,"column":9},"end":{"line":114,"column":15}},"loc":{"start":{"line":114,"column":30},"end":{"line":207,"column":1}},"line":114},"10":{"name":"(anonymous_10)","decl":{"start":{"line":125,"column":36},"end":{"line":125,"column":37}},"loc":{"start":{"line":125,"column":48},"end":{"line":204,"column":12}},"line":125},"11":{"name":"(anonymous_11)","decl":{"start":{"line":127,"column":44},"end":{"line":127,"column":45}},"loc":{"start":{"line":127,"column":56},"end":{"line":201,"column":20}},"line":127},"12":{"name":"(anonymous_12)","decl":{"start":{"line":135,"column":50},"end":{"line":135,"column":51}},"loc":{"start":{"line":135,"column":64},"end":{"line":145,"column":25}},"line":135},"13":{"name":"(anonymous_13)","decl":{"start":{"line":139,"column":70},"end":{"line":139,"column":71}},"loc":{"start":{"line":139,"column":88},"end":{"line":139,"column":124}},"line":139},"14":{"name":"(anonymous_14)","decl":{"start":{"line":146,"column":51},"end":{"line":146,"column":52}},"loc":{"start":{"line":146,"column":65},"end":{"line":166,"column":25}},"line":146},"15":{"name":"(anonymous_15)","decl":{"start":{"line":153,"column":70},"end":{"line":153,"column":71}},"loc":{"start":{"line":153,"column":88},"end":{"line":153,"column":124}},"line":153},"16":{"name":"(anonymous_16)","decl":{"start":{"line":155,"column":64},"end":{"line":155,"column":65}},"loc":{"start":{"line":155,"column":76},"end":{"line":162,"column":40}},"line":155},"17":{"name":"(anonymous_17)","decl":{"start":{"line":157,"column":72},"end":{"line":157,"column":73}},"loc":{"start":{"line":157,"column":84},"end":{"line":159,"column":57}},"line":157},"18":{"name":"(anonymous_18)","decl":{"start":{"line":171,"column":73},"end":{"line":171,"column":74}},"loc":{"start":{"line":171,"column":91},"end":{"line":171,"column":134}},"line":171},"19":{"name":"(anonymous_19)","decl":{"start":{"line":173,"column":52},"end":{"line":173,"column":53}},"loc":{"start":{"line":173,"column":64},"end":{"line":198,"column":28}},"line":173},"20":{"name":"(anonymous_20)","decl":{"start":{"line":175,"column":60},"end":{"line":175,"column":61}},"loc":{"start":{"line":175,"column":72},"end":{"line":195,"column":36}},"line":175},"21":{"name":"(anonymous_21)","decl":{"start":{"line":177,"column":68},"end":{"line":177,"column":69}},"loc":{"start":{"line":177,"column":80},"end":{"line":179,"column":44}},"line":177},"22":{"name":"(anonymous_22)","decl":{"start":{"line":183,"column":68},"end":{"line":183,"column":69}},"loc":{"start":{"line":183,"column":80},"end":{"line":192,"column":44}},"line":183},"23":{"name":"(anonymous_23)","decl":{"start":{"line":185,"column":83},"end":{"line":185,"column":84}},"loc":{"start":{"line":185,"column":101},"end":{"line":185,"column":141}},"line":185},"24":{"name":"(anonymous_24)","decl":{"start":{"line":187,"column":76},"end":{"line":187,"column":77}},"loc":{"start":{"line":187,"column":88},"end":{"line":189,"column":61}},"line":187}},"branchMap":{"0":{"loc":{"start":{"line":52,"column":8},"end":{"line":56,"column":9}},"type":"if","locations":[{"start":{"line":52,"column":8},"end":{"line":56,"column":9}},{"start":{"line":54,"column":15},"end":{"line":56,"column":9}}],"line":52},"1":{"loc":{"start":{"line":52,"column":12},"end":{"line":52,"column":47}},"type":"binary-expr","locations":[{"start":{"line":52,"column":12},"end":{"line":52,"column":23}},{"start":{"line":52,"column":27},"end":{"line":52,"column":47}}],"line":52},"2":{"loc":{"start":{"line":71,"column":6},"end":{"line":77,"column":7}},"type":"if","locations":[{"start":{"line":71,"column":6},"end":{"line":77,"column":7}},{"start":{"line":75,"column":13},"end":{"line":77,"column":7}}],"line":71},"3":{"loc":{"start":{"line":74,"column":29},"end":{"line":74,"column":77}},"type":"cond-expr","locations":[{"start":{"line":74,"column":37},"end":{"line":74,"column":70}},{"start":{"line":74,"column":73},"end":{"line":74,"column":77}}],"line":74},"4":{"loc":{"start":{"line":82,"column":8},"end":{"line":82,"column":46}},"type":"if","locations":[{"start":{"line":82,"column":8},"end":{"line":82,"column":46}},{"start":{},"end":{}}],"line":82},"5":{"loc":{"start":{"line":83,"column":8},"end":{"line":86,"column":9}},"type":"if","locations":[{"start":{"line":83,"column":8},"end":{"line":86,"column":9}},{"start":{},"end":{}}],"line":83},"6":{"loc":{"start":{"line":85,"column":10},"end":{"line":85,"column":34}},"type":"if","locations":[{"start":{"line":85,"column":10},"end":{"line":85,"column":34}},{"start":{},"end":{}}],"line":85},"7":{"loc":{"start":{"line":100,"column":20},"end":{"line":108,"column":1}},"type":"binary-expr","locations":[{"start":{"line":100,"column":21},"end":{"line":100,"column":25}},{"start":{"line":100,"column":29},"end":{"line":100,"column":47}},{"start":{"line":100,"column":52},"end":{"line":108,"column":1}}],"line":100},"8":{"loc":{"start":{"line":101,"column":4},"end":{"line":106,"column":5}},"type":"if","locations":[{"start":{"line":101,"column":4},"end":{"line":106,"column":5}},{"start":{},"end":{}}],"line":101},"9":{"loc":{"start":{"line":101,"column":8},"end":{"line":101,"column":38}},"type":"binary-expr","locations":[{"start":{"line":101,"column":8},"end":{"line":101,"column":12}},{"start":{"line":101,"column":16},"end":{"line":101,"column":38}}],"line":101},"10":{"loc":{"start":{"line":102,"column":8},"end":{"line":105,"column":9}},"type":"if","locations":[{"start":{"line":102,"column":8},"end":{"line":105,"column":9}},{"start":{},"end":{}}],"line":102},"11":{"loc":{"start":{"line":102,"column":12},"end":{"line":102,"column":30}},"type":"binary-expr","locations":[{"start":{"line":102,"column":12},"end":{"line":102,"column":14}},{"start":{"line":102,"column":18},"end":{"line":102,"column":30}}],"line":102},"12":{"loc":{"start":{"line":103,"column":12},"end":{"line":103,"column":65}},"type":"if","locations":[{"start":{"line":103,"column":12},"end":{"line":103,"column":65}},{"start":{},"end":{}}],"line":103},"13":{"loc":{"start":{"line":107,"column":21},"end":{"line":107,"column":59}},"type":"binary-expr","locations":[{"start":{"line":107,"column":21},"end":{"line":107,"column":23}},{"start":{"line":107,"column":27},"end":{"line":107,"column":59}}],"line":107},"14":{"loc":{"start":{"line":157,"column":112},"end":{"line":159,"column":46}},"type":"binary-expr","locations":[{"start":{"line":157,"column":112},"end":{"line":157,"column":121}},{"start":{"line":157,"column":126},"end":{"line":159,"column":45}}],"line":157},"15":{"loc":{"start":{"line":171,"column":47},"end":{"line":171,"column":135}},"type":"binary-expr","locations":[{"start":{"line":171,"column":47},"end":{"line":171,"column":56}},{"start":{"line":171,"column":61},"end":{"line":171,"column":134}}],"line":171},"16":{"loc":{"start":{"line":178,"column":98},"end":{"line":178,"column":146}},"type":"cond-expr","locations":[{"start":{"line":178,"column":118},"end":{"line":178,"column":141}},{"start":{"line":178,"column":144},"end":{"line":178,"column":146}}],"line":178},"17":{"loc":{"start":{"line":185,"column":57},"end":{"line":185,"column":142}},"type":"binary-expr","locations":[{"start":{"line":185,"column":57},"end":{"line":185,"column":66}},{"start":{"line":185,"column":71},"end":{"line":185,"column":141}}],"line":185},"18":{"loc":{"start":{"line":187,"column":116},"end":{"line":189,"column":50}},"type":"binary-expr","locations":[{"start":{"line":187,"column":116},"end":{"line":187,"column":125}},{"start":{"line":187,"column":130},"end":{"line":189,"column":49}}],"line":187}},"s":{"0":1,"1":1,"2":1,"3":0,"4":0,"5":0,"6":0,"7":0,"8":0,"9":0,"10":0,"11":0,"12":0,"13":0,"14":0,"15":0,"16":0,"17":0,"18":0,"19":0,"20":0,"21":0,"22":0,"23":0,"24":0,"25":0,"26":0,"27":0,"28":0,"29":0,"30":0,"31":0,"32":0,"33":0,"34":0,"35":0,"36":0,"37":0,"38":0,"39":0,"40":0,"41":1,"42":1,"43":0,"44":0,"45":0,"46":0,"47":0,"48":0,"49":0,"50":0,"51":0,"52":1,"53":1,"54":1,"55":1,"56":1,"57":0,"58":0,"59":0,"60":0,"61":0,"62":0,"63":0,"64":0,"65":0,"66":0,"67":0,"68":0,"69":0,"70":0,"71":0,"72":0,"73":0,"74":0,"75":0,"76":0,"77":0,"78":0,"79":0,"80":0,"81":0,"82":0,"83":0,"84":1},"f":{"0":0,"1":0,"2":0,"3":0,"4":0,"5":0,"6":0,"7":0,"8":0,"9":0,"10":0,"11":0,"12":0,"13":0,"14":0,"15":0,"16":0,"17":0,"18":0,"19":0,"20":0,"21":0,"22":0,"23":0,"24":0},"b":{"0":[0,0],"1":[0,0],"2":[0,0],"3":[0,0],"4":[0,0],"5":[0,0],"6":[0,0],"7":[1,1,1],"8":[0,0],"9":[0,0],"10":[0,0],"11":[0,0],"12":[0,0],"13":[0,0],"14":[0,0],"15":[0,0],"16":[0,0],"17":[0,0],"18":[0,0]},"inputSourceMap":{"0":"{","1":"\"","2":"v","3":"e","4":"r","5":"s","6":"i","7":"o","8":"n","9":"\"","10":":","11":"3","12":",","13":"\"","14":"s","15":"o","16":"u","17":"r","18":"c","19":"e","20":"s","21":"\"","22":":","23":"[","24":"\"","25":"C","26":":","27":"\\","28":"\\","29":"U","30":"s","31":"e","32":"r","33":"s","34":"\\","35":"\\","36":"k","37":"s","38":"a","39":"i","40":"n","41":"\\","42":"\\","43":"r","44":"e","45":"v","46":"a","47":"t","48":"h","49":"i","50":"\\","51":"\\","52":"i","53":"n","54":"f","55":"o","56":"s","57":"y","58":"s","59":"T","60":"e","61":"s","62":"t","63":"\\","64":"\\","65":"t","66":"r","67":"e","68":"e","69":"n","70":"o","71":"d","72":"e","73":"\\","74":"\\","75":"s","76":"r","77":"c","78":"\\","79":"\\","80":"c","81":"o","82":"m","83":"p","84":"o","85":"n","86":"e","87":"n","88":"t","89":"s","90":"\\","91":"\\","92":"H","93":"e","94":"l","95":"l","96":"o","97":"W","98":"o","99":"r","100":"l","101":"d","102":".","103":"v","104":"u","105":"e","106":"\"","107":"]","108":",","109":"\"","110":"n","111":"a","112":"m","113":"e","114":"s","115":"\"","116":":","117":"[","118":"]","119":",","120":"\"","121":"m","122":"a","123":"p","124":"p","125":"i","126":"n","127":"g","128":"s","129":"\"","130":":","131":"\"","132":";","133":";","134":"A","135":"A","136":"i","137":"C","138":"A","139":",","140":"M","141":"A","142":"A","143":"M","144":",","145":"C","146":"A","147":"A","148":"C","149":",","150":"c","151":"A","152":"A","153":"c","154":",","155":"C","156":"A","157":"A","158":"C","159":",","160":"O","161":"A","162":"A","163":"O","164":",","165":"E","166":"A","167":"A","168":"E","169":",","170":"Y","171":"A","172":"A","173":"Y","174":",","175":"E","176":"A","177":"A","178":"E","179":";","180":"E","181":"A","182":"A","183":"E","184":",","185":"K","186":"A","187":"A","188":"K","189":",","190":"E","191":"A","192":"A","193":"E","194":";","195":"A","196":"A","197":"A","198":"K","199":",","200":"C","201":"A","202":"A","203":"C","204":",","205":"C","206":"A","207":"A","208":"C","209":";","210":";","211":"A","212":"A","213":"E","214":"7","215":"D","216":",","217":"O","218":"A","219":"A","220":"O","221":",","222":"C","223":"A","224":"A","225":"C","226":",","227":"O","228":"A","229":"A","230":"O","231":",","232":"G","233":"A","234":"A","235":"G","236":",","237":"C","238":"A","239":"A","240":"C","241":",","242":"C","243":"A","244":"A","245":"C","246":",","247":"E","248":"A","249":"A","250":"E","251":",","252":"K","253":"A","254":"A","255":"K","256":",","257":"C","258":"A","259":"A","260":"C","261":",","262":"e","263":"A","264":"A","265":"e","266":",","267":"E","268":"A","269":"A","270":"E","271":";","272":"E","273":"A","274":"C","275":"z","276":"C","277":",","278":"I","279":"A","280":"A","281":"I","282":",","283":"E","284":"A","285":"A","286":"E","287":",","288":"a","289":"A","290":"A","291":"a","292":";","293":"E","294":"A","295":"C","296":"n","297":"B","298":",","299":"K","300":"A","301":"A","302":"K","303":",","304":"E","305":"A","306":"A","307":"E","308":",","309":"Y","310":"A","311":"A","312":"Y","313":";","314":"I","315":"A","316":"C","317":"f","318":",","319":"I","320":"A","321":"A","322":"I","323":",","324":"U","325":"A","326":"A","327":"U","328":",","329":"G","330":"A","331":"A","332":"G","333":",","334":"C","335":"A","336":"A","337":"C","338":",","339":"C","340":"A","341":"A","342":"C","343":",","344":"E","345":"A","346":"A","347":"E","348":",","349":"K","350":"A","351":"A","352":"K","353":",","354":"C","355":"A","356":"A","357":"C","358":",","359":"G","360":"A","361":"A","362":"G","363":",","364":"E","365":"A","366":"A","367":"E","368":",","369":"C","370":"A","371":"C","372":"5","373":"B","374":";","375":"M","376":"A","377":"A","378":"E","379":",","380":"I","381":"A","382":"A","383":"I","384":",","385":"E","386":"A","387":"A","388":"E","389":",","390":"G","391":"A","392":"A","393":"G","394":";","395":"M","396":"A","397":"A","398":"E","399":",","400":"W","401":"A","402":"A","403":"W","404":",","405":"E","406":"A","407":"A","408":"E","409":",","410":"4","411":"B","412":"A","413":"A","414":"4","415":"B","416":";","417":"M","418":"A","419":"A","420":"E","421":",","422":"M","423":"A","424":"A","425":"M","426":",","427":"E","428":"A","429":"A","430":"E","431":";","432":"I","433":"A","434":"A","435":"G","436":",","437":"C","438":"A","439":"A","440":"C","441":";","442":";","443":";","444":";","445":"O","446":"A","447":"E","448":"p","449":"E","450":";","451":"M","452":"A","453":"A","454":"E","455":",","456":"I","457":"A","458":"A","459":"I","460":",","461":"E","462":"A","463":"A","464":"E","465":",","466":"G","467":"A","468":"A","469":"G","470":";","471":"M","472":"A","473":"A","474":"E","475":",","476":"W","477":"A","478":"A","479":"W","480":",","481":"E","482":"A","483":"A","484":"E","485":",","486":"4","487":"B","488":"A","489":"A","490":"4","491":"B","492":";","493":"M","494":"A","495":"A","496":"E","497":",","498":"M","499":"A","500":"A","501":"M","502":",","503":"E","504":"A","505":"A","506":"E","507":";","508":"I","509":"A","510":"A","511":"I","512":",","513":"C","514":"A","515":"A","516":"C","517":",","518":"E","519":"A","520":"C","521":"r","522":"E","523":";","524":"M","525":"A","526":"A","527":"E","528":",","529":"I","530":"A","531":"A","532":"I","533":",","534":"E","535":"A","536":"A","537":"E","538":",","539":"G","540":"A","541":"A","542":"G","543":";","544":"M","545":"A","546":"A","547":"E","548":",","549":"W","550":"A","551":"A","552":"W","553":",","554":"E","555":"A","556":"A","557":"E","558":",","559":"4","560":"B","561":"A","562":"A","563":"4","564":"B","565":";","566":"M","567":"A","568":"A","569":"E","570":",","571":"M","572":"A","573":"A","574":"M","575":",","576":"E","577":"A","578":"A","579":"E","580":";","581":"I","582":"A","583":"A","584":"I","585":",","586":"C","587":"A","588":"A","589":"C","590":",","591":"E","592":"A","593":"C","594":"r","595":"E","596":";","597":"M","598":"A","599":"A","600":"E","601":",","602":"I","603":"A","604":"A","605":"I","606":",","607":"E","608":"A","609":"A","610":"E","611":",","612":"K","613":"A","614":"A","615":"K","616":";","617":"M","618":"A","619":"A","620":"E","621":",","622":"W","623":"A","624":"A","625":"W","626":",","627":"E","628":"A","629":"A","630":"E","631":",","632":"8","633":"B","634":"A","635":"A","636":"8","637":"B","638":";","639":"M","640":"A","641":"A","642":"E","643":",","644":"M","645":"A","646":"A","647":"M","648":",","649":"E","650":"A","651":"A","652":"E","653":";","654":"I","655":"A","656":"A","657":"I","658":",","659":"C","660":"A","661":"A","662":"C","663":",","664":"E","665":"A","666":"C","667":"z","668":"E","669":";","670":"M","671":"A","672":"A","673":"E","674":",","675":"I","676":"A","677":"A","678":"I","679":",","680":"E","681":"A","682":"A","683":"E","684":",","685":"K","686":"A","687":"A","688":"K","689":";","690":"M","691":"A","692":"A","693":"E","694":",","695":"W","696":"A","697":"A","698":"W","699":",","700":"E","701":"A","702":"A","703":"E","704":",","705":"8","706":"B","707":"A","708":"A","709":"8","710":"B","711":";","712":"M","713":"A","714":"A","715":"E","716":",","717":"M","718":"A","719":"A","720":"M","721":",","722":"E","723":"A","724":"A","725":"E","726":";","727":"I","728":"A","729":"A","730":"I","731":",","732":"C","733":"A","734":"A","735":"C","736":",","737":"E","738":"A","739":"C","740":"z","741":"E","742":";","743":"M","744":"A","745":"A","746":"E","747":",","748":"I","749":"A","750":"A","751":"I","752":",","753":"E","754":"A","755":"A","756":"E","757":",","758":"K","759":"A","760":"A","761":"K","762":";","763":"M","764":"A","765":"A","766":"E","767":",","768":"W","769":"A","770":"A","771":"W","772":",","773":"E","774":"A","775":"A","776":"E","777":",","778":"8","779":"B","780":"A","781":"A","782":"8","783":"B","784":";","785":"M","786":"A","787":"A","788":"E","789":",","790":"M","791":"A","792":"A","793":"M","794":",","795":"E","796":"A","797":"A","798":"E","799":";","800":"I","801":"A","802":"A","803":"I","804":",","805":"C","806":"A","807":"A","808":"C","809":",","810":"C","811":"A","812":"C","813":"5","814":"E","815":",","816":"C","817":"A","818":"A","819":"C","820":";","821":";","822":"I","823":"A","824":"E","825":"F","826":",","827":"I","828":"A","829":"A","830":"I","831":",","832":"S","833":"A","834":"A","835":"S","836":",","837":"G","838":"A","839":"A","840":"G","841":",","842":"U","843":"A","844":"A","845":"U","846":",","847":"I","848":"A","849":"A","850":"I","851":",","852":"E","853":"A","854":"A","855":"E","856":";","857":"M","858":"A","859":"C","860":"5","861":"B","862":",","863":"I","864":"A","865":"A","866":"I","867":",","868":"G","869":"A","870":"A","871":"G","872":",","873":"G","874":"A","875":"A","876":"G","877":",","878":"I","879":"A","880":"A","881":"I","882":",","883":"G","884":"A","885":"A","886":"G","887":",","888":"C","889":"A","890":"A","891":"C","892":",","893":"C","894":"A","895":"A","896":"C","897":";","898":"M","899":"A","900":"C","901":"n","902":"B","903":",","904":"I","905":"A","906":"A","907":"I","908":",","909":"K","910":"A","911":"A","912":"K","913":",","914":"G","915":"A","916":"A","917":"G","918":",","919":"E","920":"A","921":"A","922":"E","923":";","924":"M","925":"A","926":"C","927":"d","928":",","929":"I","930":"A","931":"A","932":"I","933":",","934":"C","935":"A","936":"A","937":"C","938":",","939":"O","940":"A","941":"A","942":"O","943":",","944":"C","945":"A","946":"A","947":"C","948":",","949":"U","950":"A","951":"A","952":"U","953":",","954":"I","955":"A","956":"A","957":"I","958":",","959":"E","960":"A","961":"A","962":"E","963":";","964":"Q","965":"A","966":"C","967":"z","968":"B","969":",","970":"G","971":"A","972":"A","973":"G","974":",","975":"C","976":"A","977":"A","978":"C","979":",","980":"G","981":"A","982":"A","983":"G","984":",","985":"C","986":"A","987":"A","988":"C","989":",","990":"I","991":"A","992":"A","993":"I","994":",","995":"C","996":"A","997":"A","998":"C","999":",","1000":"I","1001":"A","1002":"A","1003":"I","1004":",","1005":"E","1006":"A","1007":"A","1008":"E","1009":";","1010":"U","1011":"A","1012":"C","1013":"f","1014":",","1015":"K","1016":"A","1017":"A","1018":"K","1019":",","1020":"E","1021":"A","1022":"A","1023":"E","1024":",","1025":"I","1026":"A","1027":"A","1028":"I","1029":",","1030":"C","1031":"A","1032":"A","1033":"C","1034":",","1035":"W","1036":"A","1037":"A","1038":"W","1039":";","1040":"U","1041":"A","1042":"C","1043":"v","1044":"B","1045":",","1046":"K","1047":"A","1048":"A","1049":"K","1050":",","1051":"E","1052":"A","1053":"A","1054":"E","1055":",","1056":"I","1057":"A","1058":"A","1059":"I","1060":",","1061":"C","1062":"A","1063":"A","1064":"C","1065":",","1066":"I","1067":"A","1068":"A","1069":"I","1070":";","1071":"U","1072":"A","1073":"C","1074":"h","1075":"B","1076":",","1077":"M","1078":"A","1079":"A","1080":"M","1081":",","1082":"E","1083":"A","1084":"A","1085":"E","1086":",","1087":"I","1088":"A","1089":"A","1090":"I","1091":",","1092":"C","1093":"A","1094":"A","1095":"C","1096":",","1097":"M","1098":"A","1099":"A","1100":"M","1101":";","1102":"U","1103":"A","1104":"C","1105":"n","1106":"B","1107":",","1108":"Q","1109":"A","1110":"A","1111":"Q","1112":",","1113":"E","1114":"A","1115":"A","1116":"E","1117":";","1118":"Q","1119":"A","1120":"C","1121":"d","1122":",","1123":"C","1124":"A","1125":"A","1126":"C","1127":",","1128":"C","1129":"A","1130":"A","1131":"C","1132":";","1133":"M","1134":"A","1135":"C","1136":"N","1137":",","1138":"C","1139":"A","1140":"A","1141":"C","1142":",","1143":"C","1144":"A","1145":"A","1146":"C","1147":";","1148":"M","1149":"A","1150":"C","1151":"F","1152":",","1153":"G","1154":"A","1155":"A","1156":"G","1157":",","1158":"C","1159":"A","1160":"A","1161":"C","1162":",","1163":"O","1164":"A","1165":"A","1166":"O","1167":",","1168":"C","1169":"A","1170":"A","1171":"C","1172":",","1173":"U","1174":"A","1175":"A","1176":"U","1177":",","1178":"I","1179":"A","1180":"A","1181":"I","1182":",","1183":"E","1184":"A","1185":"A","1186":"E","1187":";","1188":";","1189":"U","1190":"A","1191":"E","1192":"p","1193":"B","1194":",","1195":"G","1196":"A","1197":"A","1198":"G","1199":",","1200":"C","1201":"A","1202":"A","1203":"C","1204":",","1205":"G","1206":"A","1207":"A","1208":"G","1209":",","1210":"C","1211":"A","1212":"A","1213":"C","1214":",","1215":"I","1216":"A","1217":"A","1218":"I","1219":",","1220":"C","1221":"A","1222":"A","1223":"C","1224":",","1225":"M","1226":"A","1227":"A","1228":"M","1229":",","1230":"C","1231":"A","1232":"A","1233":"C","1234":",","1235":"C","1236":"A","1237":"A","1238":"C","1239":",","1240":"Q","1241":"A","1242":"A","1243":"Q","1244":",","1245":"C","1246":"A","1247":"A","1248":"C","1249":",","1250":"I","1251":"A","1252":"A","1253":"I","1254":",","1255":"C","1256":"A","1257":"A","1258":"C","1259":",","1260":"I","1261":"A","1262":"A","1263":"I","1264":",","1265":"C","1266":"A","1267":"A","1268":"C","1269":";","1270":"Q","1271":"A","1272":"C","1273":"5","1274":"C","1275":",","1276":"C","1277":"A","1278":"A","1279":"C","1280":",","1281":"M","1282":"A","1283":"C","1284":"I","1285":";","1286":"U","1287":"A","1288":"C","1289":"D","1290":",","1291":"K","1292":"A","1293":"A","1294":"K","1295":",","1296":"C","1297":"A","1298":"A","1299":"C","1300":",","1301":"I","1302":"A","1303":"A","1304":"I","1305":",","1306":"C","1307":"A","1308":"A","1309":"C","1310":",","1311":"I","1312":"A","1313":"A","1314":"I","1315":",","1316":"C","1317":"A","1318":"A","1319":"C","1320":";","1321":";","1322":"M","1323":"A","1324":"E","1325":"x","1326":"B","1327":",","1328":"C","1329":"A","1330":"A","1331":"C","1332":",","1333":"C","1334":"A","1335":"A","1336":"C","1337":";","1338":"M","1339":"A","1340":"C","1341":"F","1342":",","1343":"O","1344":"A","1345":"A","1346":"O","1347":",","1348":"K","1349":"A","1350":"A","1351":"K","1352":";","1353":";","1354":"Q","1355":"A","1356":"E","1357":"Z","1358":",","1359":"S","1360":"A","1361":"A","1362":"S","1363":",","1364":"G","1365":"A","1366":"A","1367":"G","1368":",","1369":"C","1370":"A","1371":"A","1372":"C","1373":",","1374":"C","1375":"A","1376":"A","1377":"C","1378":",","1379":"E","1380":"A","1381":"A","1382":"E","1383":",","1384":"K","1385":"A","1386":"A","1387":"K","1388":",","1389":"C","1390":"A","1391":"A","1392":"C","1393":",","1394":"Q","1395":"A","1396":"A","1397":"Q","1398":",","1399":"E","1400":"A","1401":"A","1402":"E","1403":",","1404":"Y","1405":"A","1406":"A","1407":"Y","1408":";","1409":"M","1410":"A","1411":"A","1412":"E","1413":",","1414":"O","1415":"A","1416":"A","1417":"O","1418":",","1419":"S","1420":"A","1421":"A","1422":"S","1423":",","1424":"C","1425":"A","1426":"A","1427":"C","1428":",","1429":"U","1430":"A","1431":"A","1432":"U","1433":",","1434":"C","1435":"A","1436":"A","1437":"C","1438":",","1439":"K","1440":"A","1441":"A","1442":"K","1443":",","1444":"C","1445":"A","1446":"A","1447":"C","1448":";","1449":"I","1450":"A","1451":"A","1452":"E","1453":",","1454":"C","1455":"A","1456":"A","1457":"C","1458":",","1459":"C","1460":"A","1461":"A","1462":"C","1463":";","1464":"Q","1465":"A","1466":"C","1467":"p","1468":"F","1469":",","1470":"Y","1471":"A","1472":"A","1473":"Y","1474":",","1475":"G","1476":"A","1477":"A","1478":"G","1479":",","1480":"C","1481":"A","1482":"A","1483":"C","1484":",","1485":"C","1486":"A","1487":"A","1488":"C","1489":",","1490":"E","1491":"A","1492":"A","1493":"E","1494":",","1495":"K","1496":"A","1497":"A","1498":"K","1499":",","1500":"C","1501":"A","1502":"A","1503":"C","1504":",","1505":"G","1506":"A","1507":"A","1508":"G","1509":",","1510":"E","1511":"A","1512":"A","1513":"E","1514":",","1515":"I","1516":"A","1517":"A","1518":"I","1519":",","1520":"C","1521":"A","1522":"A","1523":"C","1524":";","1525":"Q","1526":"A","1527":"C","1528":"n","1529":"C","1530":",","1531":"W","1532":"A","1533":"A","1534":"W","1535":",","1536":"G","1537":"A","1538":"A","1539":"G","1540":",","1541":"U","1542":"A","1543":"A","1544":"U","1545":",","1546":"I","1547":"A","1548":"A","1549":"I","1550":",","1551":"E","1552":"A","1553":"A","1554":"E","1555":";","1556":"M","1557":"A","1558":"C","1559":"9","1560":"B","1561":";","1562":"M","1563":"A","1564":"C","1565":"A","1566":",","1567":"Y","1568":"A","1569":"A","1570":"Y","1571":",","1572":"C","1573":"A","1574":"A","1575":"C","1576":",","1577":"K","1578":"A","1579":"A","1580":"K","1581":",","1582":"G","1583":"A","1584":"A","1585":"G","1586":",","1587":"I","1588":"A","1589":"A","1590":"I","1591":",","1592":"C","1593":"A","1594":"A","1595":"C","1596":",","1597":"K","1598":"A","1599":"A","1600":"K","1601":",","1602":"C","1603":"A","1604":"A","1605":"C","1606":",","1607":"I","1608":"A","1609":"A","1610":"I","1611":",","1612":"C","1613":"A","1614":"A","1615":"C","1616":",","1617":"S","1618":"A","1619":"A","1620":"S","1621":",","1622":"C","1623":"A","1624":"A","1625":"C","1626":",","1627":"I","1628":"A","1629":"A","1630":"I","1631":",","1632":"C","1633":"A","1634":"A","1635":"C","1636":",","1637":"C","1638":"A","1639":"A","1640":"C","1641":";","1642":";","1643":"M","1644":"A","1645":"E","1646":"r","1647":"D","1648":",","1649":"a","1650":"A","1651":"A","1652":"a","1653":",","1654":"C","1655":"A","1656":"A","1657":"C","1658":",","1659":"K","1660":"A","1661":"A","1662":"K","1663":",","1664":"G","1665":"A","1666":"A","1667":"G","1668":",","1669":"I","1670":"A","1671":"A","1672":"I","1673":";","1674":"I","1675":"A","1676":"C","1677":"9","1678":"B","1679":",","1680":"C","1681":"A","1682":"A","1683":"C","1684":";","1685":"Q","1686":"A","1687":"C","1688":"G","1689":",","1690":"c","1691":"A","1692":"A","1693":"c","1694":",","1695":"G","1696":"A","1697":"A","1698":"G","1699":",","1700":"U","1701":"A","1702":"A","1703":"U","1704":",","1705":"U","1706":"A","1707":"A","1708":"U","1709":",","1710":"E","1711":"A","1712":"A","1713":"E","1714":";","1715":"M","1716":"A","1717":"C","1718":"v","1719":"C","1720":",","1721":"I","1722":"A","1723":"A","1724":"I","1725":",","1726":"U","1727":"A","1728":"A","1729":"U","1730":",","1731":"C","1732":"A","1733":"A","1734":"C","1735":",","1736":"M","1737":"A","1738":"A","1739":"M","1740":",","1741":"E","1742":"A","1743":"A","1744":"E","1745":";","1746":"Q","1747":"A","1748":"C","1749":"n","1750":"B","1751":",","1752":"I","1753":"A","1754":"A","1755":"I","1756":",","1757":"G","1758":"A","1759":"A","1760":"G","1761":",","1762":"G","1763":"A","1764":"A","1765":"G","1766":",","1767":"U","1768":"A","1769":"A","1770":"U","1771":",","1772":"C","1773":"A","1774":"A","1775":"C","1776":",","1777":"C","1778":"A","1779":"A","1780":"C","1781":",","1782":"C","1783":"A","1784":"A","1785":"C","1786":";","1787":"Q","1788":"A","1789":"C","1790":"v","1791":"B","1792":",","1793":"I","1794":"A","1795":"A","1796":"I","1797":",","1798":"K","1799":"A","1800":"A","1801":"K","1802":",","1803":"G","1804":"A","1805":"A","1806":"G","1807":",","1808":"e","1809":"A","1810":"A","1811":"e","1812":",","1813":"C","1814":"A","1815":"A","1816":"C","1817":",","1818":"S","1819":"A","1820":"A","1821":"S","1822":",","1823":"C","1824":"A","1825":"A","1826":"C","1827":",","1828":"K","1829":"A","1830":"A","1831":"K","1832":",","1833":"E","1834":"A","1835":"A","1836":"E","1837":",","1838":"G","1839":"A","1840":"A","1841":"G","1842":",","1843":"C","1844":"A","1845":"A","1846":"C","1847":";","1848":"Q","1849":"A","1850":"C","1851":"j","1852":"D","1853":",","1854":"Y","1855":"A","1856":"A","1857":"Y","1858":",","1859":"C","1860":"A","1861":"A","1862":"C","1863":",","1864":"K","1865":"A","1866":"A","1867":"K","1868":",","1869":"G","1870":"A","1871":"A","1872":"G","1873":",","1874":"K","1875":"A","1876":"A","1877":"K","1878":",","1879":"G","1880":"A","1881":"A","1882":"G","1883":",","1884":"I","1885":"A","1886":"A","1887":"I","1888":",","1889":"C","1890":"A","1891":"A","1892":"C","1893":",","1894":"K","1895":"A","1896":"A","1897":"K","1898":",","1899":"C","1900":"A","1901":"A","1902":"C","1903":",","1904":"I","1905":"A","1906":"A","1907":"I","1908":",","1909":"C","1910":"A","1911":"A","1912":"C","1913":",","1914":"S","1915":"A","1916":"A","1917":"S","1918":",","1919":"C","1920":"A","1921":"A","1922":"C","1923":",","1924":"K","1925":"A","1926":"A","1927":"K","1928":",","1929":"C","1930":"A","1931":"A","1932":"C","1933":",","1934":"C","1935":"A","1936":"A","1937":"C","1938":",","1939":"G","1940":"A","1941":"A","1942":"G","1943":",","1944":"I","1945":"A","1946":"A","1947":"I","1948":";","1949":"a","1950":"A","1951":"E","1952":"p","1953":"E","1954":";","1955":"Q","1956":"A","1957":"C","1958":"D","1959":",","1960":"Y","1961":"A","1962":"A","1963":"Y","1964":",","1965":"C","1966":"A","1967":"A","1968":"C","1969":",","1970":"K","1971":"A","1972":"A","1973":"K","1974":",","1975":"G","1976":"A","1977":"A","1978":"G","1979":",","1980":"I","1981":"A","1982":"A","1983":"I","1984":";","1985":";","1986":"I","1987":"A","1988":"E","1989":"j","1990":"C","1991":",","1992":"C","1993":"A","1994":"A","1995":"C","1996":";","1997":"I","1998":"A","1999":"C","2000":"D","2001":",","2002":"I","2003":"A","2004":"A","2005":"I","2006":",","2007":"e","2008":"A","2009":"A","2010":"e","2011":",","2012":"G","2013":"A","2014":"A","2015":"G","2016":",","2017":"U","2018":"A","2019":"A","2020":"U","2021":",","2022":"K","2023":"A","2024":"A","2025":"K","2026":",","2027":"E","2028":"A","2029":"A","2030":"E","2031":",","2032":"K","2033":"A","2034":"A","2035":"K","2036":",","2037":"E","2038":"A","2039":"A","2040":"E","2041":";","2042":";","2043":"Q","2044":"A","2045":"E","2046":"t","2047":"C","2048":",","2049":"I","2050":"A","2051":"A","2052":"I","2053":",","2054":"I","2055":"A","2056":"A","2057":"I","2058":",","2059":"G","2060":"A","2061":"A","2062":"G","2063":",","2064":"O","2065":"A","2066":"A","2067":"O","2068":",","2069":"C","2070":"A","2071":"A","2072":"C","2073":",","2074":"E","2075":"A","2076":"A","2077":"E","2078":",","2079":"C","2080":"A","2081":"A","2082":"C","2083":";","2084":"Q","2085":"A","2086":"C","2087":"t","2088":"B","2089":",","2090":"I","2091":"A","2092":"A","2093":"I","2094":",","2095":"I","2096":"A","2097":"A","2098":"I","2099":",","2100":"C","2101":"A","2102":"A","2103":"C","2104":",","2105":"K","2106":"A","2107":"A","2108":"K","2109":",","2110":"K","2111":"A","2112":"A","2113":"K","2114":",","2115":"K","2116":"A","2117":"A","2118":"K","2119":",","2120":"E","2121":"A","2122":"C","2123":"p","2124":"B","2125":",","2126":"O","2127":"A","2128":"A","2129":"O","2130":",","2131":"I","2132":"A","2133":"A","2134":"I","2135":";","2136":"Q","2137":"A","2138":"C","2139":"f","2140":",","2141":"I","2142":"A","2143":"A","2144":"I","2145":",","2146":"I","2147":"A","2148":"A","2149":"I","2150":",","2151":"C","2152":"A","2153":"A","2154":"C","2155":",","2156":"Q","2157":"A","2158":"A","2159":"Q","2160":",","2161":"E","2162":"A","2163":"A","2164":"E","2165":";","2166":"U","2167":"A","2168":"C","2169":"f","2170":",","2171":"I","2172":"A","2173":"A","2174":"I","2175":",","2176":"K","2177":"A","2178":"A","2179":"K","2180":",","2181":"G","2182":"A","2183":"A","2184":"G","2185":",","2186":"e","2187":"A","2188":"A","2189":"e","2190":",","2191":"C","2192":"A","2193":"A","2194":"C","2195":",","2196":"I","2197":"A","2198":"A","2199":"I","2200":",","2201":"C","2202":"A","2203":"A","2204":"C","2205":",","2206":"Q","2207":"A","2208":"A","2209":"Q","2210":",","2211":"E","2212":"A","2213":"A","2214":"E","2215":",","2216":"K","2217":"A","2218":"A","2219":"K","2220":",","2221":"C","2222":"A","2223":"A","2224":"C","2225":";","2226":"U","2227":"A","2228":"C","2229":"j","2230":"D","2231":",","2232":"I","2233":"A","2234":"A","2235":"I","2236":",","2237":"K","2238":"A","2239":"A","2240":"K","2241":";","2242":"Q","2243":"A","2244":"E","2245":"b","2246":";","2247":"M","2248":"A","2249":"C","2250":"J","2251":";","2252":"M","2253":"A","2254":"C","2255":"A","2256":",","2257":"O","2258":"A","2259":"A","2260":"O","2261":",","2262":"I","2263":"A","2264":"A","2265":"I","2266":";","2267":"I","2268":"A","2269":"C","2270":"f","2271":",","2272":"C","2273":"A","2274":"A","2275":"C","2276":";","2277":"I","2278":"A","2279":"C","2280":"D","2281":",","2282":"O","2283":"A","2284":"A","2285":"O","2286":";","2287":"M","2288":"A","2289":"C","2290":"H","2291":",","2292":"S","2293":"A","2294":"A","2295":"S","2296":",","2297":"E","2298":"A","2299":"A","2300":"E","2301":",","2302":"S","2303":"A","2304":"A","2305":"S","2306":";","2307":"M","2308":"A","2309":"C","2310":"p","2311":"B","2312":",","2313":"W","2314":"A","2315":"A","2316":"W","2317":",","2318":"E","2319":"A","2320":"A","2321":"E","2322":",","2323":"W","2324":"A","2325":"A","2326":"W","2327":";","2328":"M","2329":"A","2330":"C","2331":"x","2332":"B","2333":",","2334":"c","2335":"A","2336":"A","2337":"c","2338":",","2339":"E","2340":"A","2341":"A","2342":"E","2343":",","2344":"c","2345":"A","2346":"A","2347":"c","2348":";","2349":"M","2350":"A","2351":"C","2352":"9","2353":"B","2354":",","2355":"Y","2356":"A","2357":"A","2358":"Y","2359":",","2360":"E","2361":"A","2362":"A","2363":"E","2364":",","2365":"Y","2366":"A","2367":"A","2368":"Y","2369":";","2370":";","2371":"I","2372":"A","2373":"E","2374":"9","2375":"B","2376":",","2377":"C","2378":"A","2379":"A","2380":"C","2381":"\"","2382":",","2383":"\"","2384":"f","2385":"i","2386":"l","2387":"e","2388":"\"","2389":":","2390":"\"","2391":"C","2392":":","2393":"\\","2394":"\\","2395":"U","2396":"s","2397":"e","2398":"r","2399":"s","2400":"\\","2401":"\\","2402":"k","2403":"s","2404":"a","2405":"i","2406":"n","2407":"\\","2408":"\\","2409":"r","2410":"e","2411":"v","2412":"a","2413":"t","2414":"h","2415":"i","2416":"\\","2417":"\\","2418":"i","2419":"n","2420":"f","2421":"o","2422":"s","2423":"y","2424":"s","2425":"T","2426":"e","2427":"s","2428":"t","2429":"\\","2430":"\\","2431":"t","2432":"r","2433":"e","2434":"e","2435":"n","2436":"o","2437":"d","2438":"e","2439":"\\","2440":"\\","2441":"s","2442":"r","2443":"c","2444":"\\","2445":"\\","2446":"c","2447":"o","2448":"m","2449":"p","2450":"o","2451":"n","2452":"e","2453":"n","2454":"t","2455":"s","2456":"\\","2457":"\\","2458":"H","2459":"e","2460":"l","2461":"l","2462":"o","2463":"W","2464":"o","2465":"r","2466":"l","2467":"d","2468":".","2469":"v","2470":"u","2471":"e","2472":"\"","2473":",","2474":"\"","2475":"s","2476":"o","2477":"u","2478":"r","2479":"c","2480":"e","2481":"s","2482":"C","2483":"o","2484":"n","2485":"t","2486":"e","2487":"n","2488":"t","2489":"\"","2490":":","2491":"[","2492":"\"","2493":"<","2494":"t","2495":"e","2496":"m","2497":"p","2498":"l","2499":"a","2500":"t","2501":"e","2502":">","2503":"\\","2504":"n","2505":" ","2506":" ","2507":"<","2508":"v","2509":"-","2510":"a","2511":"p","2512":"p","2513":">","2514":"\\","2515":"n","2516":" ","2517":" ","2518":" ","2519":" ","2520":"<","2521":"v","2522":"-","2523":"c","2524":"o","2525":"n","2526":"t","2527":"a","2528":"i","2529":"n","2530":"e","2531":"r","2532":">","2533":"\\","2534":"n","2535":" ","2536":" ","2537":" ","2538":" ","2539":" ","2540":" ","2541":"<","2542":"v","2543":"-","2544":"t","2545":"r","2546":"e","2547":"e","2548":"v","2549":"i","2550":"e","2551":"w","2552":" ","2553":":","2554":"i","2555":"t","2556":"e","2557":"m","2558":"s","2559":"=","2560":"\\","2561":"\"","2562":"t","2563":"r","2564":"e","2565":"e","2566":"I","2567":"t","2568":"e","2569":"m","2570":"s","2571":"\\","2572":"\"","2573":" ","2574":"i","2575":"t","2576":"e","2577":"m","2578":"-","2579":"k","2580":"e","2581":"y","2582":"=","2583":"\\","2584":"\"","2585":"v","2586":"a","2587":"l","2588":"u","2589":"e","2590":"\\","2591":"\"","2592":" ","2593":"a","2594":"c","2595":"t","2596":"i","2597":"v","2598":"a","2599":"t","2600":"a","2601":"b","2602":"l","2603":"e","2604":" ","2605":"o","2606":"p","2607":"e","2608":"n","2609":"-","2610":"o","2611":"n","2612":"-","2613":"c","2614":"l","2615":"i","2616":"c","2617":"k","2618":" ","2619":"@","2620":"u","2621":"p","2622":"d","2623":"a","2624":"t","2625":"e","2626":":","2627":"a","2628":"c","2629":"t","2630":"i","2631":"v","2632":"e","2633":"=","2634":"\\","2635":"\"","2636":"o","2637":"n","2638":"A","2639":"c","2640":"t","2641":"i","2642":"v","2643":"e","2644":"C","2645":"h","2646":"a","2647":"n","2648":"g","2649":"e","2650":"\\","2651":"\"","2652":">","2653":"\\","2654":"n","2655":" ","2656":" ","2657":" ","2658":" ","2659":" ","2660":" ","2661":" ","2662":" ","2663":"<","2664":"t","2665":"e","2666":"m","2667":"p","2668":"l","2669":"a","2670":"t","2671":"e","2672":" ","2673":"#","2674":"l","2675":"a","2676":"b","2677":"e","2678":"l","2679":"=","2680":"\\","2681":"\"","2682":"{","2683":" ","2684":"i","2685":"t","2686":"e","2687":"m","2688":" ","2689":"}","2690":"\\","2691":"\"","2692":">","2693":"\\","2694":"n","2695":" ","2696":" ","2697":" ","2698":" ","2699":" ","2700":" ","2701":" ","2702":" ","2703":" ","2704":" ","2705":"<","2706":"d","2707":"i","2708":"v","2709":" ","2710":"@","2711":"c","2712":"l","2713":"i","2714":"c","2715":"k","2716":".","2717":"s","2718":"t","2719":"o","2720":"p","2721":"=","2722":"\\","2723":"\"","2724":"o","2725":"n","2726":"N","2727":"o","2728":"d","2729":"e","2730":"C","2731":"l","2732":"i","2733":"c","2734":"k","2735":"(","2736":"i","2737":"t","2738":"e","2739":"m","2740":")","2741":"\\","2742":"\"","2743":">","2744":"\\","2745":"n","2746":" ","2747":" ","2748":" ","2749":" ","2750":" ","2751":" ","2752":" ","2753":" ","2754":" ","2755":" ","2756":" ","2757":" ","2758":"<","2759":"s","2760":"t","2761":"r","2762":"o","2763":"n","2764":"g","2765":">","2766":"{","2767":"{","2768":" ","2769":"i","2770":"t","2771":"e","2772":"m","2773":".","2774":"v","2775":"a","2776":"l","2777":"u","2778":"e","2779":" ","2780":"}","2781":"}","2782":"<","2783":"/","2784":"s","2785":"t","2786":"r","2787":"o","2788":"n","2789":"g","2790":">","2791":"\\","2792":"n","2793":" ","2794":" ","2795":" ","2796":" ","2797":" ","2798":" ","2799":" ","2800":" ","2801":" ","2802":" ","2803":" ","2804":" ","2805":"<","2806":"s","2807":"m","2808":"a","2809":"l","2810":"l","2811":" ","2812":"s","2813":"t","2814":"y","2815":"l","2816":"e","2817":"=","2818":"\\","2819":"\"","2820":"c","2821":"o","2822":"l","2823":"o","2824":"r","2825":":","2826":" ","2827":"g","2828":"r","2829":"a","2830":"y","2831":"\\","2832":"\"","2833":">","2834":" ","2835":"—","2836":" ","2837":"{","2838":"{","2839":" ","2840":"i","2841":"t","2842":"e","2843":"m","2844":".","2845":"t","2846":"i","2847":"t","2848":"l","2849":"e","2850":" ","2851":"}","2852":"}","2853":"<","2854":"/","2855":"s","2856":"m","2857":"a","2858":"l","2859":"l","2860":">","2861":"\\","2862":"n","2863":" ","2864":" ","2865":" ","2866":" ","2867":" ","2868":" ","2869":" ","2870":" ","2871":" ","2872":" ","2873":"<","2874":"/","2875":"d","2876":"i","2877":"v","2878":">","2879":"\\","2880":"n","2881":" ","2882":" ","2883":" ","2884":" ","2885":" ","2886":" ","2887":" ","2888":" ","2889":"<","2890":"/","2891":"t","2892":"e","2893":"m","2894":"p","2895":"l","2896":"a","2897":"t","2898":"e","2899":">","2900":"\\","2901":"n","2902":"\\","2903":"n","2904":" ","2905":" ","2906":" ","2907":" ","2908":" ","2909":" ","2910":" ","2911":" ","2912":"<","2913":"t","2914":"e","2915":"m","2916":"p","2917":"l","2918":"a","2919":"t","2920":"e","2921":" ","2922":"#","2923":"a","2924":"p","2925":"p","2926":"e","2927":"n","2928":"d","2929":"=","2930":"\\","2931":"\"","2932":"{","2933":" ","2934":"i","2935":"t","2936":"e","2937":"m","2938":" ","2939":"}","2940":"\\","2941":"\"","2942":">","2943":"\\","2944":"n","2945":" ","2946":" ","2947":" ","2948":" ","2949":" ","2950":" ","2951":" ","2952":" ","2953":" ","2954":" ","2955":"<","2956":"v","2957":"-","2958":"b","2959":"t","2960":"n","2961":" ","2962":"i","2963":"c","2964":"o","2965":"n","2966":" ","2967":"s","2968":"i","2969":"z","2970":"e","2971":"=","2972":"\\","2973":"\"","2974":"x","2975":"-","2976":"s","2977":"m","2978":"a","2979":"l","2980":"l","2981":"\\","2982":"\"","2983":" ","2984":"v","2985":"a","2986":"r","2987":"i","2988":"a","2989":"n","2990":"t","2991":"=","2992":"\\","2993":"\"","2994":"t","2995":"e","2996":"x","2997":"t","2998":"\\","2999":"\"","3000":" ","3001":"@","3002":"c","3003":"l","3004":"i","3005":"c","3006":"k","3007":".","3008":"s","3009":"t","3010":"o","3011":"p","3012":"=","3013":"\\","3014":"\"","3015":"o","3016":"n","3017":"N","3018":"o","3019":"d","3020":"e","3021":"C","3022":"l","3023":"i","3024":"c","3025":"k","3026":"(","3027":"i","3028":"t","3029":"e","3030":"m","3031":")","3032":"\\","3033":"\"","3034":">","3035":"\\","3036":"n","3037":" ","3038":" ","3039":" ","3040":" ","3041":" ","3042":" ","3043":" ","3044":" ","3045":" ","3046":" ","3047":" ","3048":" ","3049":"<","3050":"v","3051":"-","3052":"i","3053":"c","3054":"o","3055":"n","3056":">","3057":"m","3058":"d","3059":"i","3060":"-","3061":"e","3062":"y","3063":"e","3064":"<","3065":"/","3066":"v","3067":"-","3068":"i","3069":"c","3070":"o","3071":"n","3072":">","3073":"\\","3074":"n","3075":" ","3076":" ","3077":" ","3078":" ","3079":" ","3080":" ","3081":" ","3082":" ","3083":" ","3084":" ","3085":"<","3086":"/","3087":"v","3088":"-","3089":"b","3090":"t","3091":"n","3092":">","3093":"\\","3094":"n","3095":" ","3096":" ","3097":" ","3098":" ","3099":" ","3100":" ","3101":" ","3102":" ","3103":"<","3104":"/","3105":"t","3106":"e","3107":"m","3108":"p","3109":"l","3110":"a","3111":"t","3112":"e","3113":">","3114":"\\","3115":"n","3116":" ","3117":" ","3118":" ","3119":" ","3120":" ","3121":" ","3122":"<","3123":"/","3124":"v","3125":"-","3126":"t","3127":"r","3128":"e","3129":"e","3130":"v","3131":"i","3132":"e","3133":"w","3134":">","3135":"\\","3136":"n","3137":" ","3138":" ","3139":" ","3140":" ","3141":" ","3142":" ","3143":"<","3144":"v","3145":"-","3146":"d","3147":"i","3148":"a","3149":"l","3150":"o","3151":"g","3152":" ","3153":"v","3154":"-","3155":"m","3156":"o","3157":"d","3158":"e","3159":"l","3160":"=","3161":"\\","3162":"\"","3163":"d","3164":"i","3165":"a","3166":"l","3167":"o","3168":"g","3169":"V","3170":"i","3171":"s","3172":"i","3173":"b","3174":"l","3175":"e","3176":"\\","3177":"\"","3178":">","3179":"\\","3180":"n","3181":" ","3182":" ","3183":" ","3184":" ","3185":" ","3186":" ","3187":" ","3188":" ","3189":"<","3190":"v","3191":"-","3192":"c","3193":"a","3194":"r","3195":"d","3196":">","3197":"\\","3198":"n","3199":" ","3200":" ","3201":" ","3202":" ","3203":" ","3204":" ","3205":" ","3206":" ","3207":" ","3208":" ","3209":"<","3210":"v","3211":"-","3212":"c","3213":"a","3214":"r","3215":"d","3216":"-","3217":"t","3218":"e","3219":"x","3220":"t","3221":" ","3222":"s","3223":"t","3224":"y","3225":"l","3226":"e","3227":"=","3228":"\\","3229":"\"","3230":"t","3231":"e","3232":"x","3233":"t","3234":"-","3235":"a","3236":"l","3237":"i","3238":"g","3239":"n","3240":":","3241":" ","3242":"c","3243":"e","3244":"n","3245":"t","3246":"e","3247":"r","3248":";","3249":"\\","3250":"\"","3251":">","3252":"\\","3253":"n","3254":" ","3255":" ","3256":" ","3257":" ","3258":" ","3259":" ","3260":" ","3261":" ","3262":" ","3263":" ","3264":" ","3265":" ","3266":"{","3267":"{","3268":" ","3269":"s","3270":"e","3271":"l","3272":"e","3273":"c","3274":"t","3275":"e","3276":"d","3277":"N","3278":"o","3279":"d","3280":"e","3281":" ","3282":"?","3283":" ","3284":"s","3285":"e","3286":"l","3287":"e","3288":"c","3289":"t","3290":"e","3291":"d","3292":"N","3293":"o","3294":"d","3295":"e","3296":".","3297":"v","3298":"a","3299":"l","3300":"u","3301":"e","3302":" ","3303":":","3304":" ","3305":"\\","3306":"\"","3307":"\\","3308":"\"","3309":" ","3310":"}","3311":"}","3312":"\\","3313":"n","3314":" ","3315":" ","3316":" ","3317":" ","3318":" ","3319":" ","3320":" ","3321":" ","3322":" ","3323":" ","3324":"<","3325":"/","3326":"v","3327":"-","3328":"c","3329":"a","3330":"r","3331":"d","3332":"-","3333":"t","3334":"e","3335":"x","3336":"t","3337":">","3338":"\\","3339":"n","3340":" ","3341":" ","3342":" ","3343":" ","3344":" ","3345":" ","3346":" ","3347":" ","3348":" ","3349":" ","3350":"<","3351":"v","3352":"-","3353":"c","3354":"a","3355":"r","3356":"d","3357":"-","3358":"a","3359":"c","3360":"t","3361":"i","3362":"o","3363":"n","3364":"s","3365":">","3366":"\\","3367":"n","3368":" ","3369":" ","3370":" ","3371":" ","3372":" ","3373":" ","3374":" ","3375":" ","3376":" ","3377":" ","3378":" ","3379":" ","3380":"<","3381":"v","3382":"-","3383":"b","3384":"t","3385":"n","3386":" ","3387":"@","3388":"c","3389":"l","3390":"i","3391":"c","3392":"k","3393":"=","3394":"\\","3395":"\"","3396":"d","3397":"i","3398":"a","3399":"l","3400":"o","3401":"g","3402":"V","3403":"i","3404":"s","3405":"i","3406":"b","3407":"l","3408":"e","3409":" ","3410":"=","3411":" ","3412":"f","3413":"a","3414":"l","3415":"s","3416":"e","3417":"\\","3418":"\"","3419":">","3420":"C","3421":"l","3422":"o","3423":"s","3424":"e","3425":"<","3426":"/","3427":"v","3428":"-","3429":"b","3430":"t","3431":"n","3432":">","3433":"\\","3434":"n","3435":" ","3436":" ","3437":" ","3438":" ","3439":" ","3440":" ","3441":" ","3442":" ","3443":" ","3444":" ","3445":"<","3446":"/","3447":"v","3448":"-","3449":"c","3450":"a","3451":"r","3452":"d","3453":"-","3454":"a","3455":"c","3456":"t","3457":"i","3458":"o","3459":"n","3460":"s","3461":">","3462":"\\","3463":"n","3464":" ","3465":" ","3466":" ","3467":" ","3468":" ","3469":" ","3470":" ","3471":" ","3472":"<","3473":"/","3474":"v","3475":"-","3476":"c","3477":"a","3478":"r","3479":"d","3480":">","3481":"\\","3482":"n","3483":" ","3484":" ","3485":" ","3486":" ","3487":" ","3488":" ","3489":"<","3490":"/","3491":"v","3492":"-","3493":"d","3494":"i","3495":"a","3496":"l","3497":"o","3498":"g","3499":">","3500":"\\","3501":"n","3502":"\\","3503":"n","3504":" ","3505":" ","3506":" ","3507":" ","3508":"<","3509":"/","3510":"v","3511":"-","3512":"c","3513":"o","3514":"n","3515":"t","3516":"a","3517":"i","3518":"n","3519":"e","3520":"r","3521":">","3522":"\\","3523":"n","3524":" ","3525":" ","3526":"<","3527":"/","3528":"v","3529":"-","3530":"a","3531":"p","3532":"p","3533":">","3534":"\\","3535":"n","3536":"<","3537":"/","3538":"t","3539":"e","3540":"m","3541":"p","3542":"l","3543":"a","3544":"t","3545":"e","3546":">","3547":"\\","3548":"n","3549":"\\","3550":"n","3551":"<","3552":"s","3553":"c","3554":"r","3555":"i","3556":"p","3557":"t","3558":" ","3559":"l","3560":"a","3561":"n","3562":"g","3563":"=","3564":"\\","3565":"\"","3566":"t","3567":"s","3568":"\\","3569":"\"","3570":">","3571":"\\","3572":"n","3573":"i","3574":"m","3575":"p","3576":"o","3577":"r","3578":"t","3579":" ","3580":"{","3581":" ","3582":"d","3583":"e","3584":"f","3585":"i","3586":"n","3587":"e","3588":"C","3589":"o","3590":"m","3591":"p","3592":"o","3593":"n","3594":"e","3595":"n","3596":"t","3597":",","3598":" ","3599":"r","3600":"e","3601":"f","3602":",","3603":" ","3604":"c","3605":"o","3606":"m","3607":"p","3608":"u","3609":"t","3610":"e","3611":"d","3612":" ","3613":"}","3614":" ","3615":"f","3616":"r","3617":"o","3618":"m","3619":" ","3620":"\\","3621":"\"","3622":"v","3623":"u","3624":"e","3625":"\\","3626":"\"","3627":";","3628":"\\","3629":"n","3630":"\\","3631":"n","3632":"i","3633":"n","3634":"t","3635":"e","3636":"r","3637":"f","3638":"a","3639":"c","3640":"e","3641":" ","3642":"F","3643":"l","3644":"a","3645":"t","3646":"D","3647":"a","3648":"t","3649":"a","3650":" ","3651":"{","3652":"\\","3653":"n","3654":" ","3655":" ","3656":"n","3657":"a","3658":"m","3659":"e","3660":":","3661":" ","3662":"s","3663":"t","3664":"r","3665":"i","3666":"n","3667":"g","3668":";","3669":"\\","3670":"n","3671":" ","3672":" ","3673":"d","3674":"e","3675":"s","3676":"c","3677":"r","3678":"i","3679":"p","3680":"t","3681":"i","3682":"o","3683":"n","3684":":","3685":" ","3686":"s","3687":"t","3688":"r","3689":"i","3690":"n","3691":"g","3692":";","3693":"\\","3694":"n","3695":" ","3696":" ","3697":"p","3698":"a","3699":"r","3700":"e","3701":"n","3702":"t","3703":":","3704":" ","3705":"s","3706":"t","3707":"r","3708":"i","3709":"n","3710":"g","3711":";","3712":"\\","3713":"n","3714":"}","3715":"\\","3716":"n","3717":"\\","3718":"n","3719":"i","3720":"n","3721":"t","3722":"e","3723":"r","3724":"f","3725":"a","3726":"c","3727":"e","3728":" ","3729":"T","3730":"r","3731":"e","3732":"e","3733":"I","3734":"t","3735":"e","3736":"m","3737":" ","3738":"{","3739":"\\","3740":"n","3741":" ","3742":" ","3743":"v","3744":"a","3745":"l","3746":"u","3747":"e","3748":":","3749":" ","3750":"s","3751":"t","3752":"r","3753":"i","3754":"n","3755":"g","3756":";","3757":"\\","3758":"n","3759":" ","3760":" ","3761":"t","3762":"i","3763":"t","3764":"l","3765":"e","3766":":","3767":" ","3768":"s","3769":"t","3770":"r","3771":"i","3772":"n","3773":"g","3774":";","3775":"\\","3776":"n","3777":" ","3778":" ","3779":"p","3780":"a","3781":"r","3782":"e","3783":"n","3784":"t","3785":":","3786":" ","3787":"s","3788":"t","3789":"r","3790":"i","3791":"n","3792":"g","3793":";","3794":"\\","3795":"n","3796":" ","3797":" ","3798":"c","3799":"h","3800":"i","3801":"l","3802":"d","3803":"r","3804":"e","3805":"n","3806":"?","3807":":","3808":" ","3809":"T","3810":"r","3811":"e","3812":"e","3813":"I","3814":"t","3815":"e","3816":"m","3817":"[","3818":"]","3819":";","3820":"\\","3821":"n","3822":"}","3823":"\\","3824":"n","3825":"\\","3826":"n","3827":"e","3828":"x","3829":"p","3830":"o","3831":"r","3832":"t","3833":" ","3834":"d","3835":"e","3836":"f","3837":"a","3838":"u","3839":"l","3840":"t","3841":" ","3842":"d","3843":"e","3844":"f","3845":"i","3846":"n","3847":"e","3848":"C","3849":"o","3850":"m","3851":"p","3852":"o","3853":"n","3854":"e","3855":"n","3856":"t","3857":"(","3858":"{","3859":"\\","3860":"n","3861":" ","3862":" ","3863":"n","3864":"a","3865":"m","3866":"e","3867":":","3868":" ","3869":"\\","3870":"\"","3871":"T","3872":"r","3873":"e","3874":"e","3875":"E","3876":"x","3877":"a","3878":"m","3879":"p","3880":"l","3881":"e","3882":"\\","3883":"\"","3884":",","3885":"\\","3886":"n","3887":" ","3888":" ","3889":"s","3890":"e","3891":"t","3892":"u","3893":"p","3894":"(","3895":")","3896":" ","3897":"{","3898":"\\","3899":"n","3900":" ","3901":" ","3902":" ","3903":" ","3904":"c","3905":"o","3906":"n","3907":"s","3908":"t","3909":" ","3910":"s","3911":"t","3912":"a","3913":"t","3914":"i","3915":"c","3916":"D","3917":"a","3918":"t","3919":"a","3920":" ","3921":"=","3922":" ","3923":"r","3924":"e","3925":"f","3926":"<","3927":"F","3928":"l","3929":"a","3930":"t","3931":"D","3932":"a","3933":"t","3934":"a","3935":"[","3936":"]","3937":">","3938":"(","3939":"[","3940":"\\","3941":"n","3942":" ","3943":" ","3944":" ","3945":" ","3946":" ","3947":" ","3948":"{","3949":" ","3950":"n","3951":"a","3952":"m","3953":"e","3954":":","3955":" ","3956":"\\","3957":"\"","3958":"A","3959":"\\","3960":"\"","3961":",","3962":" ","3963":"d","3964":"e","3965":"s","3966":"c","3967":"r","3968":"i","3969":"p","3970":"t","3971":"i","3972":"o","3973":"n","3974":":","3975":" ","3976":"\\","3977":"\"","3978":"T","3979":"h","3980":"i","3981":"s","3982":" ","3983":"i","3984":"s","3985":" ","3986":"a","3987":" ","3988":"d","3989":"e","3990":"s","3991":"c","3992":"r","3993":"i","3994":"p","3995":"t","3996":"i","3997":"o","3998":"n","3999":" ","4000":"o","4001":"f","4002":" ","4003":"A","4004":"\\","4005":"\"","4006":",","4007":" ","4008":"p","4009":"a","4010":"r","4011":"e","4012":"n","4013":"t","4014":":","4015":" ","4016":"\\","4017":"\"","4018":"\\","4019":"\"","4020":" ","4021":"}","4022":",","4023":"\\","4024":"n","4025":" ","4026":" ","4027":" ","4028":" ","4029":" ","4030":" ","4031":"{","4032":" ","4033":"n","4034":"a","4035":"m","4036":"e","4037":":","4038":" ","4039":"\\","4040":"\"","4041":"B","4042":"\\","4043":"\"","4044":",","4045":" ","4046":"d","4047":"e","4048":"s","4049":"c","4050":"r","4051":"i","4052":"p","4053":"t","4054":"i","4055":"o","4056":"n","4057":":","4058":" ","4059":"\\","4060":"\"","4061":"T","4062":"h","4063":"i","4064":"s","4065":" ","4066":"i","4067":"s","4068":" ","4069":"a","4070":" ","4071":"d","4072":"e","4073":"s","4074":"c","4075":"r","4076":"i","4077":"p","4078":"t","4079":"i","4080":"o","4081":"n","4082":" ","4083":"o","4084":"f","4085":" ","4086":"B","4087":"\\","4088":"\"","4089":",","4090":" ","4091":"p","4092":"a","4093":"r","4094":"e","4095":"n","4096":"t","4097":":","4098":" ","4099":"\\","4100":"\"","4101":"A","4102":"\\","4103":"\"","4104":" ","4105":"}","4106":",","4107":"\\","4108":"n","4109":" ","4110":" ","4111":" ","4112":" ","4113":" ","4114":" ","4115":"{","4116":" ","4117":"n","4118":"a","4119":"m","4120":"e","4121":":","4122":" ","4123":"\\","4124":"\"","4125":"C","4126":"\\","4127":"\"","4128":",","4129":" ","4130":"d","4131":"e","4132":"s","4133":"c","4134":"r","4135":"i","4136":"p","4137":"t","4138":"i","4139":"o","4140":"n","4141":":","4142":" ","4143":"\\","4144":"\"","4145":"T","4146":"h","4147":"i","4148":"s","4149":" ","4150":"i","4151":"s","4152":" ","4153":"a","4154":" ","4155":"d","4156":"e","4157":"s","4158":"c","4159":"r","4160":"i","4161":"p","4162":"t","4163":"i","4164":"o","4165":"n","4166":" ","4167":"o","4168":"f","4169":" ","4170":"C","4171":"\\","4172":"\"","4173":",","4174":" ","4175":"p","4176":"a","4177":"r","4178":"e","4179":"n","4180":"t","4181":":","4182":" ","4183":"\\","4184":"\"","4185":"A","4186":"\\","4187":"\"","4188":" ","4189":"}","4190":",","4191":"\\","4192":"n","4193":" ","4194":" ","4195":" ","4196":" ","4197":" ","4198":" ","4199":"{","4200":" ","4201":"n","4202":"a","4203":"m","4204":"e","4205":":","4206":" ","4207":"\\","4208":"\"","4209":"D","4210":"\\","4211":"\"","4212":",","4213":" ","4214":"d","4215":"e","4216":"s","4217":"c","4218":"r","4219":"i","4220":"p","4221":"t","4222":"i","4223":"o","4224":"n","4225":":","4226":" ","4227":"\\","4228":"\"","4229":"T","4230":"h","4231":"i","4232":"s","4233":" ","4234":"i","4235":"s","4236":" ","4237":"a","4238":" ","4239":"d","4240":"e","4241":"s","4242":"c","4243":"r","4244":"i","4245":"p","4246":"t","4247":"i","4248":"o","4249":"n","4250":" ","4251":"o","4252":"f","4253":" ","4254":"D","4255":"\\","4256":"\"","4257":",","4258":" ","4259":"p","4260":"a","4261":"r","4262":"e","4263":"n","4264":"t","4265":":","4266":" ","4267":"\\","4268":"\"","4269":"A","4270":"\\","4271":"\"","4272":" ","4273":"}","4274":",","4275":"\\","4276":"n","4277":" ","4278":" ","4279":" ","4280":" ","4281":" ","4282":" ","4283":"{","4284":" ","4285":"n","4286":"a","4287":"m","4288":"e","4289":":","4290":" ","4291":"\\","4292":"\"","4293":"B","4294":"-","4295":"1","4296":"\\","4297":"\"","4298":",","4299":" ","4300":"d","4301":"e","4302":"s","4303":"c","4304":"r","4305":"i","4306":"p","4307":"t","4308":"i","4309":"o","4310":"n","4311":":","4312":" ","4313":"\\","4314":"\"","4315":"T","4316":"h","4317":"i","4318":"s","4319":" ","4320":"i","4321":"s","4322":" ","4323":"a","4324":" ","4325":"d","4326":"e","4327":"s","4328":"c","4329":"r","4330":"i","4331":"p","4332":"t","4333":"i","4334":"o","4335":"n","4336":" ","4337":"o","4338":"f","4339":" ","4340":"B","4341":"-","4342":"1","4343":"\\","4344":"\"","4345":",","4346":" ","4347":"p","4348":"a","4349":"r","4350":"e","4351":"n","4352":"t","4353":":","4354":" ","4355":"\\","4356":"\"","4357":"B","4358":"\\","4359":"\"","4360":" ","4361":"}","4362":",","4363":"\\","4364":"n","4365":" ","4366":" ","4367":" ","4368":" ","4369":" ","4370":" ","4371":"{","4372":" ","4373":"n","4374":"a","4375":"m","4376":"e","4377":":","4378":" ","4379":"\\","4380":"\"","4381":"B","4382":"-","4383":"2","4384":"\\","4385":"\"","4386":",","4387":" ","4388":"d","4389":"e","4390":"s","4391":"c","4392":"r","4393":"i","4394":"p","4395":"t","4396":"i","4397":"o","4398":"n","4399":":","4400":" ","4401":"\\","4402":"\"","4403":"T","4404":"h","4405":"i","4406":"s","4407":" ","4408":"i","4409":"s","4410":" ","4411":"a","4412":" ","4413":"d","4414":"e","4415":"s","4416":"c","4417":"r","4418":"i","4419":"p","4420":"t","4421":"i","4422":"o","4423":"n","4424":" ","4425":"o","4426":"f","4427":" ","4428":"B","4429":"-","4430":"2","4431":"\\","4432":"\"","4433":",","4434":" ","4435":"p","4436":"a","4437":"r","4438":"e","4439":"n","4440":"t","4441":":","4442":" ","4443":"\\","4444":"\"","4445":"B","4446":"\\","4447":"\"","4448":" ","4449":"}","4450":",","4451":"\\","4452":"n","4453":" ","4454":" ","4455":" ","4456":" ","4457":" ","4458":" ","4459":"{","4460":" ","4461":"n","4462":"a","4463":"m","4464":"e","4465":":","4466":" ","4467":"\\","4468":"\"","4469":"B","4470":"-","4471":"3","4472":"\\","4473":"\"","4474":",","4475":" ","4476":"d","4477":"e","4478":"s","4479":"c","4480":"r","4481":"i","4482":"p","4483":"t","4484":"i","4485":"o","4486":"n","4487":":","4488":" ","4489":"\\","4490":"\"","4491":"T","4492":"h","4493":"i","4494":"s","4495":" ","4496":"i","4497":"s","4498":" ","4499":"a","4500":" ","4501":"d","4502":"e","4503":"s","4504":"c","4505":"r","4506":"i","4507":"p","4508":"t","4509":"i","4510":"o","4511":"n","4512":" ","4513":"o","4514":"f","4515":" ","4516":"B","4517":"-","4518":"3","4519":"\\","4520":"\"","4521":",","4522":" ","4523":"p","4524":"a","4525":"r","4526":"e","4527":"n","4528":"t","4529":":","4530":" ","4531":"\\","4532":"\"","4533":"B","4534":"\\","4535":"\"","4536":" ","4537":"}","4538":"\\","4539":"n","4540":" ","4541":" ","4542":" ","4543":" ","4544":"]","4545":")","4546":";","4547":"\\","4548":"n","4549":"\\","4550":"n","4551":" ","4552":" ","4553":" ","4554":" ","4555":"c","4556":"o","4557":"n","4558":"s","4559":"t","4560":" ","4561":"d","4562":"i","4563":"a","4564":"l","4565":"o","4566":"g","4567":"V","4568":"i","4569":"s","4570":"i","4571":"b","4572":"l","4573":"e","4574":" ","4575":"=","4576":" ","4577":"r","4578":"e","4579":"f","4580":"(","4581":"f","4582":"a","4583":"l","4584":"s","4585":"e","4586":")","4587":";","4588":"\\","4589":"n","4590":" ","4591":" ","4592":" ","4593":" ","4594":"c","4595":"o","4596":"n","4597":"s","4598":"t","4599":" ","4600":"b","4601":"u","4602":"i","4603":"l","4604":"d","4605":"T","4606":"r","4607":"e","4608":"e","4609":" ","4610":"=","4611":" ","4612":"(","4613":"l","4614":"i","4615":"s","4616":"t","4617":":","4618":" ","4619":"F","4620":"l","4621":"a","4622":"t","4623":"D","4624":"a","4625":"t","4626":"a","4627":"[","4628":"]","4629":")","4630":":","4631":" ","4632":"T","4633":"r","4634":"e","4635":"e","4636":"I","4637":"t","4638":"e","4639":"m","4640":"[","4641":"]","4642":" ","4643":"=","4644":">","4645":" ","4646":"{","4647":"\\","4648":"n","4649":" ","4650":" ","4651":" ","4652":" ","4653":" ","4654":" ","4655":"c","4656":"o","4657":"n","4658":"s","4659":"t","4660":" ","4661":"m","4662":"a","4663":"p","4664":" ","4665":"=","4666":" ","4667":"n","4668":"e","4669":"w","4670":" ","4671":"M","4672":"a","4673":"p","4674":"<","4675":"s","4676":"t","4677":"r","4678":"i","4679":"n","4680":"g","4681":",","4682":" ","4683":"T","4684":"r","4685":"e","4686":"e","4687":"I","4688":"t","4689":"e","4690":"m","4691":">","4692":"(","4693":")","4694":";","4695":"\\","4696":"n","4697":" ","4698":" ","4699":" ","4700":" ","4701":" ","4702":" ","4703":"c","4704":"o","4705":"n","4706":"s","4707":"t","4708":" ","4709":"r","4710":"o","4711":"o","4712":"t","4713":"s","4714":":","4715":" ","4716":"T","4717":"r","4718":"e","4719":"e","4720":"I","4721":"t","4722":"e","4723":"m","4724":"[","4725":"]","4726":" ","4727":"=","4728":" ","4729":"[","4730":"]","4731":";","4732":"\\","4733":"n","4734":"\\","4735":"n","4736":" ","4737":" ","4738":" ","4739":" ","4740":" ","4741":" ","4742":"l","4743":"i","4744":"s","4745":"t","4746":".","4747":"f","4748":"o","4749":"r","4750":"E","4751":"a","4752":"c","4753":"h","4754":"(","4755":"(","4756":"i","4757":"t","4758":"e","4759":"m","4760":")","4761":" ","4762":"=","4763":">","4764":" ","4765":"{","4766":"\\","4767":"n","4768":" ","4769":" ","4770":" ","4771":" ","4772":" ","4773":" ","4774":" ","4775":" ","4776":"m","4777":"a","4778":"p","4779":".","4780":"s","4781":"e","4782":"t","4783":"(","4784":"i","4785":"t","4786":"e","4787":"m","4788":".","4789":"n","4790":"a","4791":"m","4792":"e","4793":",","4794":" ","4795":"{","4796":"\\","4797":"n","4798":" ","4799":" ","4800":" ","4801":" ","4802":" ","4803":" ","4804":" ","4805":" ","4806":" ","4807":" ","4808":"v","4809":"a","4810":"l","4811":"u","4812":"e","4813":":","4814":" ","4815":"i","4816":"t","4817":"e","4818":"m","4819":".","4820":"d","4821":"e","4822":"s","4823":"c","4824":"r","4825":"i","4826":"p","4827":"t","4828":"i","4829":"o","4830":"n","4831":",","4832":"\\","4833":"n","4834":" ","4835":" ","4836":" ","4837":" ","4838":" ","4839":" ","4840":" ","4841":" ","4842":" ","4843":" ","4844":"t","4845":"i","4846":"t","4847":"l","4848":"e","4849":":","4850":" ","4851":"i","4852":"t","4853":"e","4854":"m","4855":".","4856":"n","4857":"a","4858":"m","4859":"e","4860":",","4861":"\\","4862":"n","4863":" ","4864":" ","4865":" ","4866":" ","4867":" ","4868":" ","4869":" ","4870":" ","4871":" ","4872":" ","4873":"p","4874":"a","4875":"r","4876":"e","4877":"n","4878":"t","4879":":","4880":" ","4881":"i","4882":"t","4883":"e","4884":"m","4885":".","4886":"p","4887":"a","4888":"r","4889":"e","4890":"n","4891":"t","4892":",","4893":"\\","4894":"n","4895":" ","4896":" ","4897":" ","4898":" ","4899":" ","4900":" ","4901":" ","4902":" ","4903":" ","4904":" ","4905":"c","4906":"h","4907":"i","4908":"l","4909":"d","4910":"r","4911":"e","4912":"n","4913":":","4914":" ","4915":"[","4916":"]","4917":",","4918":"\\","4919":"n","4920":" ","4921":" ","4922":" ","4923":" ","4924":" ","4925":" ","4926":" ","4927":" ","4928":"}","4929":")","4930":";","4931":"\\","4932":"n","4933":" ","4934":" ","4935":" ","4936":" ","4937":" ","4938":" ","4939":"}","4940":")","4941":";","4942":"\\","4943":"n","4944":"\\","4945":"n","4946":" ","4947":" ","4948":" ","4949":" ","4950":" ","4951":" ","4952":"m","4953":"a","4954":"p","4955":".","4956":"f","4957":"o","4958":"r","4959":"E","4960":"a","4961":"c","4962":"h","4963":"(","4964":"(","4965":"n","4966":"o","4967":"d","4968":"e","4969":")","4970":" ","4971":"=","4972":">","4973":" ","4974":"{","4975":"\\","4976":"n","4977":" ","4978":" ","4979":" ","4980":" ","4981":" ","4982":" ","4983":" ","4984":" ","4985":"i","4986":"f","4987":" ","4988":"(","4989":"n","4990":"o","4991":"d","4992":"e","4993":".","4994":"p","4995":"a","4996":"r","4997":"e","4998":"n","4999":"t","5000":" ","5001":"&","5002":"&","5003":" ","5004":"m","5005":"a","5006":"p","5007":".","5008":"h","5009":"a","5010":"s","5011":"(","5012":"n","5013":"o","5014":"d","5015":"e","5016":".","5017":"p","5018":"a","5019":"r","5020":"e","5021":"n","5022":"t","5023":")","5024":")","5025":" ","5026":"{","5027":"\\","5028":"n","5029":" ","5030":" ","5031":" ","5032":" ","5033":" ","5034":" ","5035":" ","5036":" ","5037":" ","5038":" ","5039":"m","5040":"a","5041":"p","5042":".","5043":"g","5044":"e","5045":"t","5046":"(","5047":"n","5048":"o","5049":"d","5050":"e","5051":".","5052":"p","5053":"a","5054":"r","5055":"e","5056":"n","5057":"t","5058":")","5059":"!","5060":".","5061":"c","5062":"h","5063":"i","5064":"l","5065":"d","5066":"r","5067":"e","5068":"n","5069":"!","5070":".","5071":"p","5072":"u","5073":"s","5074":"h","5075":"(","5076":"n","5077":"o","5078":"d","5079":"e","5080":")","5081":";","5082":"\\","5083":"n","5084":" ","5085":" ","5086":" ","5087":" ","5088":" ","5089":" ","5090":" ","5091":" ","5092":"}","5093":" ","5094":"e","5095":"l","5096":"s","5097":"e","5098":" ","5099":"{","5100":"\\","5101":"n","5102":" ","5103":" ","5104":" ","5105":" ","5106":" ","5107":" ","5108":" ","5109":" ","5110":" ","5111":" ","5112":"r","5113":"o","5114":"o","5115":"t","5116":"s","5117":".","5118":"p","5119":"u","5120":"s","5121":"h","5122":"(","5123":"n","5124":"o","5125":"d","5126":"e","5127":")","5128":";","5129":"\\","5130":"n","5131":" ","5132":" ","5133":" ","5134":" ","5135":" ","5136":" ","5137":" ","5138":" ","5139":"}","5140":"\\","5141":"n","5142":" ","5143":" ","5144":" ","5145":" ","5146":" ","5147":" ","5148":"}","5149":")","5150":";","5151":"\\","5152":"n","5153":"\\","5154":"n","5155":" ","5156":" ","5157":" ","5158":" ","5159":" ","5160":" ","5161":"r","5162":"e","5163":"t","5164":"u","5165":"r","5166":"n","5167":" ","5168":"r","5169":"o","5170":"o","5171":"t","5172":"s","5173":";","5174":"\\","5175":"n","5176":" ","5177":" ","5178":" ","5179":" ","5180":"}","5181":";","5182":"\\","5183":"n","5184":"\\","5185":"n","5186":" ","5187":" ","5188":" ","5189":" ","5190":"c","5191":"o","5192":"n","5193":"s","5194":"t","5195":" ","5196":"t","5197":"r","5198":"e","5199":"e","5200":"I","5201":"t","5202":"e","5203":"m","5204":"s","5205":" ","5206":"=","5207":" ","5208":"c","5209":"o","5210":"m","5211":"p","5212":"u","5213":"t","5214":"e","5215":"d","5216":"(","5217":"(","5218":")","5219":" ","5220":"=","5221":">","5222":" ","5223":"b","5224":"u","5225":"i","5226":"l","5227":"d","5228":"T","5229":"r","5230":"e","5231":"e","5232":"(","5233":"s","5234":"t","5235":"a","5236":"t","5237":"i","5238":"c","5239":"D","5240":"a","5241":"t","5242":"a","5243":".","5244":"v","5245":"a","5246":"l","5247":"u","5248":"e","5249":")","5250":")","5251":";","5252":"\\","5253":"n","5254":" ","5255":" ","5256":" ","5257":" ","5258":"c","5259":"o","5260":"n","5261":"s","5262":"t","5263":" ","5264":
[...]
,"5509":"\\","5510":"\"","5511":",","5512":" ","5513":"s","5514":"e","5515":"l","5516":"e","5517":"c","5518":"t","5519":"e","5520":"d","5521":"N","5522":"o","5523":"d","5524":"e","5525":".","5526":"v","5527":"a","5528":"l","5529":"u","5530":"e","5531":")","5532":";","5533":"\\","5534":"n","5535":" ","5536":" ","5537":" ","5538":" ","5539":" ","5540":" ","5541":"d","5542":"i","5543":"a","5544":"l","5545":"o","5546":"g","5547":"V","5548":"i","5549":"s","5550":"i","5551":"b","5552":"l","5553":"e","5554":".","5555":"v","5556":"a","5557":"l","5558":"u","5559":"e","5560":" ","5561":"=","5562":" ","5563":"t","5564":"r","5565":"u","5566":"e","5567":";","5568":"\\","5569":"n","5570":" ","5571":" ","5572":" ","5573":" ","5574":"}","5575":";","5576":"\\","5577":"n","5578":"\\","5579":"n","5580":" ","5581":" ","5582":" ","5583":" ","5584":"c","5585":"o","5586":"n","5587":"s","5588":"t","5589":" ","5590":"o","5591":"n","5592":"A","5593":"c","5594":"t","5595":"i","5596":"v","5597":"e","5598":"C","5599":"h","5600":"a","5601":"n","5602":"g","5603":"e","5604":" ","5605":"=","5606":" ","5607":"(","5608":"a","5609":"c","5610":"t","5611":"i","5612":"v","5613":"e","5614":"K","5615":"e","5616":"y","5617":"s","5618":":","5619":" ","5620":"s","5621":"t","5622":"r","5623":"i","5624":"n","5625":"g","5626":"[","5627":"]","5628":")","5629":" ","5630":"=","5631":">","5632":" ","5633":"{","5634":"\\","5635":"n","5636":" ","5637":" ","5638":" ","5639":" ","5640":" ","5641":" ","5642":"i","5643":"f","5644":" ","5645":"(","5646":"a","5647":"c","5648":"t","5649":"i","5650":"v","5651":"e","5652":"K","5653":"e","5654":"y","5655":"s","5656":".","5657":"l","5658":"e","5659":"n","5660":"g","5661":"t","5662":"h","5663":")","5664":" ","5665":"{","5666":"\\","5667":"n","5668":" ","5669":" ","5670":" ","5671":" ","5672":" ","5673":" ","5674":" ","5675":" ","5676":"c","5677":"o","5678":"n","5679":"s","5680":"t","5681":" ","5682":"k","5683":"e","5684":"y","5685":" ","5686":"=","5687":" ","5688":"a","5689":"c","5690":"t","5691":"i","5692":"v","5693":"e","5694":"K","5695":"e","5696":"y","5697":"s","5698":"[","5699":"0","5700":"]","5701":";","5702":"\\","5703":"n","5704":" ","5705":" ","5706":" ","5707":" ","5708":" ","5709":" ","5710":" ","5711":" ","5712":"c","5713":"o","5714":"n","5715":"s","5716":"t","5717":" ","5718":"f","5719":"o","5720":"u","5721":"n","5722":"d","5723":" ","5724":"=","5725":" ","5726":"f","5727":"i","5728":"n","5729":"d","5730":"N","5731":"o","5732":"d","5733":"e","5734":"B","5735":"y","5736":"V","5737":"a","5738":"l","5739":"u","5740":"e","5741":"(","5742":"t","5743":"r","5744":"e","5745":"e","5746":"I","5747":"t","5748":"e","5749":"m","5750":"s","5751":".","5752":"v","5753":"a","5754":"l","5755":"u","5756":"e","5757":",","5758":" ","5759":"k","5760":"e","5761":"y","5762":")","5763":";","5764":"\\","5765":"n","5766":" ","5767":" ","5768":" ","5769":" ","5770":" ","5771":" ","5772":" ","5773":" ","5774":"s","5775":"e","5776":"l","5777":"e","5778":"c","5779":"t","5780":"e","5781":"d","5782":"N","5783":"o","5784":"d","5785":"e","5786":".","5787":"v","5788":"a","5789":"l","5790":"u","5791":"e","5792":" ","5793":"=","5794":" ","5795":"f","5796":"o","5797":"u","5798":"n","5799":"d","5800":" ","5801":"?","5802":" ","5803":"J","5804":"S","5805":"O","5806":"N","5807":".","5808":"p","5809":"a","5810":"r","5811":"s","5812":"e","5813":"(","5814":"J","5815":"S","5816":"O","5817":"N","5818":".","5819":"s","5820":"t","5821":"r","5822":"i","5823":"n","5824":"g","5825":"i","5826":"f","5827":"y","5828":"(","5829":"f","5830":"o","5831":"u","5832":"n","5833":"d","5834":")","5835":")","5836":" ","5837":":","5838":" ","5839":"n","5840":"u","5841":"l","5842":"l","5843":";","5844":"\\","5845":"n","5846":" ","5847":" ","5848":" ","5849":" ","5850":" ","5851":" ","5852":"}","5853":" ","5854":"e","5855":"l","5856":"s","5857":"e","5858":" ","5859":"{","5860":"\\","5861":"n","5862":" ","5863":" ","5864":" ","5865":" ","5866":" ","5867":" ","5868":" ","5869":" ","5870":"s","5871":"e","5872":"l","5873":"e","5874":"c","5875":"t","5876":"e","5877":"d","5878":"N","5879":"o","5880":"d","5881":"e","5882":".","5883":"v","5884":"a","5885":"l","5886":"u","5887":"e","5888":" ","5889":"=","5890":" ","5891":"n","5892":"u","5893":"l","5894":"l","5895":";","5896":"\\","5897":"n","5898":" ","5899":" ","5900":" ","5901":" ","5902":" ","5903":" ","5904":"}","5905":"\\","5906":"n","5907":" ","5908":" ","5909":" ","5910":" ","5911":"}","5912":";","5913":"\\","5914":"n","5915":"\\","5916":"n","5917":" ","5918":" ","5919":" ","5920":" ","5921":"c","5922":"o","5923":"n","5924":"s","5925":"t","5926":" ","5927":"f","5928":"i","5929":"n","5930":"d","5931":"N","5932":"o","5933":"d","5934":"e","5935":"B","5936":"y","5937":"V","5938":"a","5939":"l","5940":"u","5941":"e","5942":" ","5943":"=","5944":" ","5945":"(","5946":"\\","5947":"n","5948":" ","5949":" ","5950":" ","5951":" ","5952":" ","5953":" ","5954":"n","5955":"o","5956":"d","5957":"e","5958":"s","5959":":","5960":" ","5961":"T","5962":"r","5963":"e","5964":"e","5965":"I","5966":"t","5967":"e","5968":"m","5969":"[","5970":"]","5971":",","5972":"\\","5973":"n","5974":" ","5975":" ","5976":" ","5977":" ","5978":" ","5979":" ","5980":"v","5981":"a","5982":"l","5983":"u","5984":"e","5985":":","5986":" ","5987":"s","5988":"t","5989":"r","5990":"i","5991":"n","5992":"g","5993":"\\","5994":"n","5995":" ","5996":" ","5997":" ","5998":" ","5999":")","6000":":","6001":" ","6002":"T","6003":"r","6004":"e","6005":"e","6006":"I","6007":"t","6008":"e","6009":"m","6010":" ","6011":"|","6012":" ","6013":"n","6014":"u","6015":"l","6016":"l","6017":" ","6018":"=","6019":">","6020":" ","6021":"{","6022":"\\","6023":"n","6024":" ","6025":" ","6026":" ","6027":" ","6028":" ","6029":" ","6030":"f","6031":"o","6032":"r","6033":" ","6034":"(","6035":"c","6036":"o","6037":"n","6038":"s","6039":"t","6040":" ","6041":"n","6042":"o","6043":"d","6044":"e","6045":" ","6046":"o","6047":"f","6048":" ","6049":"n","6050":"o","6051":"d","6052":"e","6053":"s","6054":")","6055":" ","6056":"{","6057":"\\","6058":"n","6059":" ","6060":" ","6061":" ","6062":" ","6063":" ","6064":" ","6065":" ","6066":" ","6067":"i","6068":"f","6069":" ","6070":"(","6071":"n","6072":"o","6073":"d","6074":"e","6075":".","6076":"v","6077":"a","6078":"l","6079":"u","6080":"e","6081":" ","6082":"=","6083":"=","6084":"=","6085":" ","6086":"v","6087":"a","6088":"l","6089":"u","6090":"e","6091":")","6092":" ","6093":"r","6094":"e","6095":"t","6096":"u","6097":"r","6098":"n","6099":" ","6100":"n","6101":"o","6102":"d","6103":"e","6104":";","6105":"\\","6106":"n","6107":" ","6108":" ","6109":" ","6110":" ","6111":" ","6112":" ","6113":" ","6114":" ","6115":"i","6116":"f","6117":" ","6118":"(","6119":"n","6120":"o","6121":"d","6122":"e","6123":".","6124":"c","6125":"h","6126":"i","6127":"l","6128":"d","6129":"r","6130":"e","6131":"n","6132":")","6133":" ","6134":"{","6135":"\\","6136":"n","6137":" ","6138":" ","6139":" ","6140":" ","6141":" ","6142":" ","6143":" ","6144":" ","6145":" ","6146":" ","6147":"c","6148":"o","6149":"n","6150":"s","6151":"t","6152":" ","6153":"f","6154":"o","6155":"u","6156":"n","6157":"d","6158":" ","6159":"=","6160":" ","6161":"f","6162":"i","6163":"n","6164":"d","6165":"N","6166":"o","6167":"d","6168":"e","6169":"B","6170":"y","6171":"V","6172":"a","6173":"l","6174":"u","6175":"e","6176":"(","6177":"n","6178":"o","6179":"d","6180":"e","6181":".","6182":"c","6183":"h","6184":"i","6185":"l","6186":"d","6187":"r","6188":"e","6189":"n","6190":",","6191":" ","6192":"v","6193":"a","6194":"l","6195":"u","6196":"e","6197":")","6198":";","6199":"\\","6200":"n","6201":" ","6202":" ","6203":" ","6204":" ","6205":" ","6206":" ","6207":" ","6208":" ","6209":" ","6210":" ","6211":"i","6212":"f","6213":" ","6214":"(","6215":"f","6216":"o","6217":"u","6218":"n","6219":"d","6220":")","6221":" ","6222":"r","6223":"e","6224":"t","6225":"u","6226":"r","6227":"n","6228":" ","6229":"f","6230":"o","6231":"u","6232":"n","6233":"d","6234":";","6235":"\\","6236":"n","6237":" ","6238":" ","6239":" ","6240":" ","6241":" ","6242":" ","6243":" ","6244":" ","6245":"}","6246":"\\","6247":"n","6248":" ","6249":" ","6250":" ","6251":" ","6252":" ","6253":" ","6254":"}","6255":"\\","6256":"n","6257":" ","6258":" ","6259":" ","6260":" ","6261":" ","6262":" ","6263":"r","6264":"e","6265":"t","6266":"u","6267":"r","6268":"n","6269":" ","6270":"n","6271":"u","6272":"l","6273":"l","6274":";","6275":"\\","6276":"n","6277":" ","6278":" ","6279":" ","6280":" ","6281":"}","6282":";","6283":"\\","6284":"n","6285":"\\","6286":"n","6287":" ","6288":" ","6289":" ","6290":" ","6291":"r","6292":"e","6293":"t","6294":"u","6295":"r","6296":"n","6297":" ","6298":"{","6299":"\\","6300":"n","6301":" ","6302":" ","6303":" ","6304":" ","6305":" ","6306":" ","6307":"t","6308":"r","6309":"e","6310":"e","6311":"I","6312":"t","6313":"e","6314":"m","6315":"s","6316":",","6317":"\\","6318":"n","6319":" ","6320":" ","6321":" ","6322":" ","6323":" ","6324":" ","6325":"o","6326":"n","6327":"N","6328":"o","6329":"d","6330":"e","6331":"C","6332":"l","6333":"i","6334":"c","6335":"k","6336":",","6337":"\\","6338":"n","6339":" ","6340":" ","6341":" ","6342":" ","6343":" ","6344":" ","6345":"o","6346":"n","6347":"A","6348":"c","6349":"t","6350":"i","6351":"v","6352":"e","6353":"C","6354":"h","6355":"a","6356":"n","6357":"g","6358":"e","6359":",","6360":"\\","6361":"n","6362":" ","6363":" ","6364":" ","6365":" ","6366":" ","6367":" ","6368":"s","6369":"e","6370":"l","6371":"e","6372":"c","6373":"t","6374":"e","6375":"d","6376":"N","6377":"o","6378":"d","6379":"e","6380":",","6381":"\\","6382":"n","6383":" ","6384":" ","6385":" ","6386":" ","6387":" ","6388":" ","6389":"d","6390":"i","6391":"a","6392":"l","6393":"o","6394":"g","6395":"V","6396":"i","6397":"s","6398":"i","6399":"b","6400":"l","6401":"e","6402":"\\","6403":"n","6404":" ","6405":" ","6406":" ","6407":" ","6408":"}","6409":";","6410":"\\","6411":"n","6412":" ","6413":" ","6414":"}","6415":",","6416":"\\","6417":"n","6418":"}","6419":")","6420":";","6421":"\\","6422":"n","6423":"<","6424":"/","6425":"s","6426":"c","6427":"r","6428":"i","6429":"p","6430":"t","6431":">","6432":"\\","6433":"n","6434":"\"","6435":"]","6436":"}"},"_coverageSchema":"1a1c01bbd47fc00a2c39e90264f33305004495a9","hash":"445f17978acc2ab6784148ff97e67c9881c5bf23"}
,"C:\\Users\\ksain\\revathi\\infosysTest\\treenode\\src\\pages\\index.vue": {"path":"C:\\Users\\ksain\\revathi\\infosysTest\\treenode\\src\\pages\\index.vue","statementMap":{"0":{"start":{"line":3,"column":0},"end":{"line":5,"column":3}},"1":{"start":{"line":6,"column":12},"end":{"line":6,"column":26}},"2":{"start":{"line":7,"column":0},"end":{"line":20,"column":3}},"3":{"start":{"line":10,"column":19},"end":{"line":10,"column":28}},"4":{"start":{"line":11,"column":4},"end":{"line":11,"column":15}},"5":{"start":{"line":13,"column":23},"end":{"line":13,"column":25}},"6":{"start":{"line":14,"column":4},"end":{"line":17,"column":7}},"7":{"start":{"line":18,"column":4},"end":{"line":18,"column":24}},"8":{"start":{"line":22,"column":0},"end":{"line":22,"column":62}},"9":{"start":{"line":23,"column":0},"end":{"line":23,"column":24}},"10":{"start":{"line":24,"column":12},"end":{"line":24,"column":26}},"11":{"start":{"line":26,"column":32},"end":{"line":26,"column":73}},"12":{"start":{"line":27,"column":4},"end":{"line":27,"column":83}},"13":{"start":{"line":29,"column":1},"end":{"line":29,"column":48}}},"fnMap":{"0":{"name":"(anonymous_0)","decl":{"start":{"line":9,"column":9},"end":{"line":9,"column":10}},"loc":{"start":{"line":9,"column":32},"end":{"line":19,"column":3}},"line":9},"1":{"name":"render","decl":{"start":{"line":25,"column":9},"end":{"line":25,"column":15}},"loc":{"start":{"line":25,"column":63},"end":{"line":28,"column":1}},"line":25}},"branchMap":{},"s":{"0":0,"1":0,"2":0,"3":0,"4":0,"5":0,"6":0,"7":0,"8":0,"9":0,"10":0,"11":0,"12":0,"13":0},"f":{"0":0,"1":0},"b":{},"inputSourceMap":{"0":"{","1":"\"","2":"v","3":"e","4":"r","5":"s","6":"i","7":"o","8":"n","9":"\"","10":":","11":"3","12":",","13":"\"","14":"s","15":"o","16":"u","17":"r","18":"c","19":"e","20":"s","21":"\"","22":":","23":"[","24":"\"","25":"C","26":":","27":"/","28":"U","29":"s","30":"e","31":"r","32":"s","33":"/","34":"k","35":"s","36":"a","37":"i","38":"n","39":"/","40":"r","41":"e","42":"v","43":"a","44":"t","45":"h","46":"i","47":"/","48":"i","49":"n","50":"f","51":"o","52":"s","53":"y","54":"s","55":"T","56":"e","57":"s","58":"t","59":"/","60":"t","61":"r","62":"e","63":"e","64":"n","65":"o","66":"d","67":"e","68":"/","69":"s","70":"r","71":"c","72":"/","73":"p","74":"a","75":"g","76":"e","77":"s","78":"/","79":"i","80":"n","81":"d","82":"e","83":"x","84":".","85":"v","86":"u","87":"e","88":"\"","89":"]","90":",","91":"\"","92":"n","93":"a","94":"m","95":"e","96":"s","97":"\"","98":":","99":"[","100":"]","101":",","102":"\"","103":"m","104":"a","105":"p","106":"p","107":"i","108":"n","109":"g","110":"s","111":"\"","112":":","113":"\"","114":";","115":";","116":";","117":";","118":";","119":";","120":";","121":";","122":";","123":";","124":"I","125":"A","126":"K","127":"Q","128":",","129":"Q","130":"A","131":"A","132":"Q","133":",","134":"C","135":"A","136":"A","137":"C","138":",","139":"C","140":"A","141":"A","142":"C","143":"\"","144":",","145":"\"","146":"f","147":"i","148":"l","149":"e","150":"\"","151":":","152":"\"","153":"C","154":":","155":"\\","156":"\\","157":"U","158":"s","159":"e","160":"r","161":"s","162":"\\","163":"\\","164":"k","165":"s","166":"a","167":"i","168":"n","169":"\\","170":"\\","171":"r","172":"e","173":"v","174":"a","175":"t","176":"h","177":"i","178":"\\","179":"\\","180":"i","181":"n","182":"f","183":"o","184":"s","185":"y","186":"s","187":"T","188":"e","189":"s","190":"t","191":"\\","192":"\\","193":"t","194":"r","195":"e","196":"e","197":"n","198":"o","199":"d","200":"e","201":"\\","202":"\\","203":"s","204":"r","205":"c","206":"\\","207":"\\","208":"p","209":"a","210":"g","211":"e","212":"s","213":"\\","214":"\\","215":"i","216":"n","217":"d","218":"e","219":"x","220":".","221":"v","222":"u","223":"e","224":"\"","225":",","226":"\"","227":"s","228":"o","229":"u","230":"r","231":"c","232":"e","233":"s","234":"C","235":"o","236":"n","237":"t","238":"e","239":"n","240":"t","241":"\"","242":":","243":"[","244":"\"","245":"<","246":"t","247":"e","248":"m","249":"p","250":"l","251":"a","252":"t","253":"e","254":">","255":"\\","256":"n","257":" ","258":" ","259":"<","260":"H","261":"e","262":"l","263":"l","264":"o","265":"W","266":"o","267":"r","268":"l","269":"d","270":" ","271":"/","272":">","273":"\\","274":"n","275":"<","276":"/","277":"t","278":"e","279":"m","280":"p","281":"l","282":"a","283":"t","284":"e","285":">","286":"\\","287":"n","288":"\\","289":"n","290":"<","291":"s","292":"c","293":"r","294":"i","295":"p","296":"t","297":" ","298":"l","299":"a","300":"n","301":"g","302":"=","303":"\\","304":"\"","305":"t","306":"s","307":"\\","308":"\"","309":" ","310":"s","311":"e","312":"t","313":"u","314":"p","315":">","316":"\\","317":"n","318":" ","319":" ","320":"/","321":"/","322":"\\","323":"n","324":"<","325":"/","326":"s","327":"c","328":"r","329":"i","330":"p","331":"t","332":">","333":"\\","334":"n","335":"\"","336":"]","337":"}"}}
,"C:\\Users\\ksain\\revathi\\infosysTest\\treenode\\src\\plugins\\index.ts": {"path":"C:\\Users\\ksain\\revathi\\infosysTest\\treenode\\src\\plugins\\index.ts","statementMap":{"0":{"start":{"line":14,"column":0},"end":{"line":14,"column":16}},"1":{"start":{"line":8,"column":0},"end":{"line":8,"column":31}},"2":{"start":{"line":9,"column":0},"end":{"line":9,"column":30}},"3":{"start":{"line":15,"column":2},"end":{"line":17,"column":null}}},"fnMap":{"0":{"name":"registerPlugins","decl":{"start":{"line":14,"column":16},"end":{"line":14,"column":31}},"loc":{"start":{"line":14,"column":41},"end":{"line":18,"column":1}}}},"branchMap":{},"s":{"0":0,"1":0,"2":0,"3":0},"f":{"0":0},"b":{}}
,"C:\\Users\\ksain\\revathi\\infosysTest\\treenode\\src\\plugins\\vuetify.ts": {"path":"C:\\Users\\ksain\\revathi\\infosysTest\\treenode\\src\\plugins\\vuetify.ts","statementMap":{"0":{"start":{"line":8,"column":0},"end":{"line":8,"column":46}},"1":{"start":{"line":9,"column":0},"end":{"line":9,"column":23}},"2":{"start":{"line":12,"column":0},"end":{"line":12,"column":39}},"3":{"start":{"line":15,"column":0},"end":{"line":19,"column":null}}},"fnMap":{},"branchMap":{},"s":{"0":0,"1":0,"2":0,"3":0},"f":{},"b":{}}
,"C:\\Users\\ksain\\revathi\\infosysTest\\treenode\\src\\router\\index.ts": {"path":"C:\\Users\\ksain\\revathi\\infosysTest\\treenode\\src\\router\\index.ts","statementMap":{"0":{"start":{"line":8,"column":0},"end":{"line":8,"column":59}},"1":{"start":{"line":9,"column":0},"end":{"line":9,"column":46}},"2":{"start":{"line":11,"column":15},"end":{"line":13,"column":null}},"3":{"start":{"line":15,"column":15},"end":{"line":19,"column":2}},"4":{"start":{"line":22,"column":0},"end":{"line":34,"column":null}},"5":{"start":{"line":23,"column":2},"end":{"line":33,"column":3}},"6":{"start":{"line":24,"column":4},"end":{"line":30,"column":5}},"7":{"start":{"line":25,"column":6},"end":{"line":25,"column":null}},"8":{"start":{"line":27,"column":6},"end":{"line":27,"column":null}},"9":{"start":{"line":28,"column":6},"end":{"line":28,"column":null}},"10":{"start":{"line":29,"column":6},"end":{"line":29,"column":null}},"11":{"start":{"line":32,"column":4},"end":{"line":32,"column":null}},"12":{"start":{"line":36,"column":0},"end":{"line":38,"column":null}},"13":{"start":{"line":37,"column":2},"end":{"line":37,"column":null}},"14":{"start":{"line":40,"column":0},"end":{"line":40,"column":null}}},"fnMap":{"0":{"name":"(anonymous_1)","decl":{"start":{"line":22,"column":15},"end":{"line":22,"column":16}},"loc":{"start":{"line":22,"column":27},"end":{"line":34,"column":1}}},"1":{"name":"(anonymous_2)","decl":{"start":{"line":36,"column":22},"end":{"line":36,"column":25}},"loc":{"start":{"line":36,"column":27},"end":{"line":38,"column":1}}}},"branchMap":{"0":{"loc":{"start":{"line":23,"column":2},"end":{"line":33,"column":3}},"type":"if","locations":[{"start":{"line":23,"column":2},"end":{"line":33,"column":3}},{"start":{"line":31,"column":9},"end":{"line":33,"column":3}}]},"1":{"loc":{"start":{"line":24,"column":4},"end":{"line":30,"column":5}},"type":"if","locations":[{"start":{"line":24,"column":4},"end":{"line":30,"column":5}},{"start":{"line":26,"column":11},"end":{"line":30,"column":5}}]}},"s":{"0":0,"1":0,"2":0,"3":0,"4":0,"5":0,"6":0,"7":0,"8":0,"9":0,"10":0,"11":0,"12":0,"13":0,"14":0},"f":{"0":0,"1":0},"b":{"0":[0,0],"1":[0,0]}}
,"C:\\Users\\ksain\\revathi\\infosysTest\\treenode\\src\\stores\\graphStore.ts": {"path":"C:\\Users\\ksain\\revathi\\infosysTest\\treenode\\src\\stores\\graphStore.ts","statementMap":{"0":{"start":{"line":24,"column":0},"end":{"line":24,"column":16}},"1":{"start":{"line":1,"column":0},"end":{"line":1,"column":36}},"2":{"start":{"line":2,"column":0},"end":{"line":2,"column":39}},"3":{"start":{"line":10,"column":13},"end":{"line":20,"column":3}},"4":{"start":{"line":11,"column":16},"end":{"line":14,"column":4}},"5":{"start":{"line":17,"column":6},"end":{"line":17,"column":25}},"6":{"start":{"line":23,"column":13},"end":{"line":23,"column":70}},"7":{"start":{"line":25,"column":2},"end":{"line":25,"column":24}}},"fnMap":{"0":{"name":"(anonymous_0)","decl":{"start":{"line":11,"column":9},"end":{"line":11,"column":12}},"loc":{"start":{"line":11,"column":16},"end":{"line":14,"column":4}}},"1":{"name":"(anonymous_1)","decl":{"start":{"line":16,"column":4},"end":{"line":16,"column":12}},"loc":{"start":{"line":16,"column":31},"end":{"line":18,"column":5}}},"2":{"name":"selectNode","decl":{"start":{"line":24,"column":16},"end":{"line":24,"column":26}},"loc":{"start":{"line":24,"column":49},"end":{"line":26,"column":1}}}},"branchMap":{},"s":{"0":0,"1":0,"2":0,"3":0,"4":0,"5":0,"6":0,"7":0},"f":{"0":0,"1":0,"2":0},"b":{}}
}
