TN:
SF:src\App.vue
FN:9,(anonymous_0)
FN:25,render
FN:30,(anonymous_2)
FN:32,(anonymous_3)
FNF:4
FNH:0
FNDA:0,(anonymous_0)
FNDA:0,render
FNDA:0,(anonymous_2)
FNDA:0,(anonymous_3)
DA:3,0
DA:6,0
DA:7,0
DA:10,0
DA:11,0
DA:13,0
DA:14,0
DA:18,0
DA:22,0
DA:23,0
DA:24,0
DA:26,0
DA:27,0
DA:28,0
DA:29,0
DA:30,0
DA:32,0
DA:41,0
LF:18
LH:0
BRF:0
BRH:0
end_of_record
TN:
SF:src\components.d.ts
FNF:0
FNH:0
LF:0
LH:0
BRF:0
BRH:0
end_of_record
TN:
SF:src\shims-vue.d.ts
FNF:0
FNH:0
LF:0
LH:0
BRF:0
BRH:0
end_of_record
TN:
SF:src\typed-router.d.ts
FNF:0
FNH:0
LF:0
LH:0
BRF:0
BRH:0
end_of_record
TN:
SF:src\components\HelloWorld.vue
FN:9,(anonymous_0)
FN:40,(anonymous_1)
FN:43,(anonymous_2)
FN:51,(anonymous_3)
FN:60,(anonymous_4)
FN:64,(anonymous_5)
FN:70,(anonymous_6)
FN:79,(anonymous_7)
FN:100,(anonymous_8)
FN:114,render
FN:125,(anonymous_10)
FN:127,(anonymous_11)
FN:135,(anonymous_12)
FN:139,(anonymous_13)
FN:146,(anonymous_14)
FN:153,(anonymous_15)
FN:155,(anonymous_16)
FN:157,(anonymous_17)
FN:171,(anonymous_18)
FN:173,(anonymous_19)
FN:175,(anonymous_20)
FN:177,(anonymous_21)
FN:183,(anonymous_22)
FN:185,(anonymous_23)
FN:187,(anonymous_24)
FNF:25
FNH:0
FNDA:0,(anonymous_0)
FNDA:0,(anonymous_1)
FNDA:0,(anonymous_2)
FNDA:0,(anonymous_3)
FNDA:0,(anonymous_4)
FNDA:0,(anonymous_5)
FNDA:0,(anonymous_6)
FNDA:0,(anonymous_7)
FNDA:0,(anonymous_8)
FNDA:0,render
FNDA:0,(anonymous_10)
FNDA:0,(anonymous_11)
FNDA:0,(anonymous_12)
FNDA:0,(anonymous_13)
FNDA:0,(anonymous_14)
FNDA:0,(anonymous_15)
FNDA:0,(anonymous_16)
FNDA:0,(anonymous_17)
FNDA:0,(anonymous_18)
FNDA:0,(anonymous_19)
FNDA:0,(anonymous_20)
FNDA:0,(anonymous_21)
FNDA:0,(anonymous_22)
FNDA:0,(anonymous_23)
FNDA:0,(anonymous_24)
DA:3,1
DA:6,1
DA:7,1
DA:10,0
DA:39,0
DA:40,0
DA:41,0
DA:42,0
DA:43,0
DA:44,0
DA:51,0
DA:52,0
DA:53,0
DA:55,0
DA:58,0
DA:60,0
DA:61,0
DA:63,0
DA:64,0
DA:66,0
DA:67,0
DA:68,0
DA:70,0
DA:71,0
DA:72,0
DA:73,0
DA:74,0
DA:76,0
DA:79,0
DA:80,0
DA:81,0
DA:82,0
DA:83,0
DA:84,0
DA:85,0
DA:88,0
DA:90,0
DA:99,1
DA:100,1
DA:101,0
DA:102,0
DA:103,0
DA:104,0
DA:107,0
DA:109,1
DA:110,1
DA:111,1
DA:112,1
DA:113,1
DA:115,0
DA:116,0
DA:117,0
DA:118,0
DA:119,0
DA:120,0
DA:121,0
DA:122,0
DA:123,0
DA:124,0
DA:125,0
DA:127,0
DA:136,0
DA:137,0
DA:139,0
DA:147,0
DA:148,0
DA:153,0
DA:155,0
DA:157,0
DA:171,0
DA:173,0
DA:175,0
DA:177,0
DA:183,0
DA:185,0
DA:187,0
DA:208,1
LF:77
LH:11
BRDA:52,0,0,0
BRDA:52,0,1,0
BRDA:52,1,0,0
BRDA:52,1,1,0
BRDA:71,2,0,0
BRDA:71,2,1,0
BRDA:74,3,0,0
BRDA:74,3,1,0
BRDA:82,4,0,0
BRDA:82,4,1,0
BRDA:83,5,0,0
BRDA:83,5,1,0
BRDA:85,6,0,0
BRDA:85,6,1,0
BRDA:100,7,0,1
BRDA:100,7,1,1
BRDA:100,7,2,1
BRDA:101,8,0,0
BRDA:101,8,1,0
BRDA:101,9,0,0
BRDA:101,9,1,0
BRDA:102,10,0,0
BRDA:102,10,1,0
BRDA:102,11,0,0
BRDA:102,11,1,0
BRDA:103,12,0,0
BRDA:103,12,1,0
BRDA:107,13,0,0
BRDA:107,13,1,0
BRDA:157,14,0,0
BRDA:157,14,1,0
BRDA:171,15,0,0
BRDA:171,15,1,0
BRDA:178,16,0,0
BRDA:178,16,1,0
BRDA:185,17,0,0
BRDA:185,17,1,0
BRDA:187,18,0,0
BRDA:187,18,1,0
BRF:39
BRH:3
end_of_record
TN:
SF:src\pages\index.vue
FN:9,(anonymous_0)
FN:25,render
FNF:2
FNH:0
FNDA:0,(anonymous_0)
FNDA:0,render
DA:3,0
DA:6,0
DA:7,0
DA:10,0
DA:11,0
DA:13,0
DA:14,0
DA:18,0
DA:22,0
DA:23,0
DA:24,0
DA:26,0
DA:27,0
DA:29,0
LF:14
LH:0
BRF:0
BRH:0
end_of_record
TN:
SF:src\plugins\index.ts
FN:14,registerPlugins
FNF:1
FNH:0
FNDA:0,registerPlugins
DA:8,0
DA:9,0
DA:14,0
DA:15,0
LF:4
LH:0
BRF:0
BRH:0
end_of_record
TN:
SF:src\plugins\vuetify.ts
FNF:0
FNH:0
DA:8,0
DA:9,0
DA:12,0
DA:15,0
LF:4
LH:0
BRF:0
BRH:0
end_of_record
TN:
SF:src\router\index.ts
FN:22,(anonymous_1)
FN:36,(anonymous_2)
FNF:2
FNH:0
FNDA:0,(anonymous_1)
FNDA:0,(anonymous_2)
DA:8,0
DA:9,0
DA:11,0
DA:15,0
DA:22,0
DA:23,0
DA:24,0
DA:25,0
DA:27,0
DA:28,0
DA:29,0
DA:32,0
DA:36,0
DA:37,0
DA:40,0
LF:15
LH:0
BRDA:23,0,0,0
BRDA:23,0,1,0
BRDA:24,1,0,0
BRDA:24,1,1,0
BRF:4
BRH:0
end_of_record
TN:
SF:src\stores\graphStore.ts
FN:11,(anonymous_0)
FN:16,(anonymous_1)
FN:24,selectNode
FNF:3
FNH:0
FNDA:0,(anonymous_0)
FNDA:0,(anonymous_1)
FNDA:0,selectNode
DA:1,0
DA:2,0
DA:10,0
DA:11,0
DA:17,0
DA:23,0
DA:24,0
DA:25,0
LF:8
LH:0
BRF:0
BRH:0
end_of_record
